{"/home/floyd-montreal/projects/fullcycle-ddd-tatic-modeling-study/src/domain/entities/costumer/entity/costumer.entity.ts": {"path":"/home/floyd-montreal/projects/fullcycle-ddd-tatic-modeling-study/src/domain/entities/costumer/entity/costumer.entity.ts","all":false,"statementMap":{"0":{"start":{"line":1,"column":0},"end":{"line":1,"column":61}},"1":{"start":{"line":2,"column":0},"end":{"line":2,"column":0}},"2":{"start":{"line":3,"column":0},"end":{"line":3,"column":23}},"3":{"start":{"line":4,"column":0},"end":{"line":4,"column":21}},"4":{"start":{"line":5,"column":0},"end":{"line":5,"column":28}},"5":{"start":{"line":6,"column":0},"end":{"line":6,"column":28}},"6":{"start":{"line":7,"column":0},"end":{"line":7,"column":34}},"7":{"start":{"line":8,"column":0},"end":{"line":8,"column":35}},"8":{"start":{"line":9,"column":0},"end":{"line":9,"column":0}},"9":{"start":{"line":10,"column":0},"end":{"line":10,"column":41}},"10":{"start":{"line":11,"column":0},"end":{"line":11,"column":17}},"11":{"start":{"line":12,"column":0},"end":{"line":12,"column":21}},"12":{"start":{"line":13,"column":0},"end":{"line":13,"column":19}},"13":{"start":{"line":14,"column":0},"end":{"line":14,"column":3}},"14":{"start":{"line":15,"column":0},"end":{"line":15,"column":0}},"15":{"start":{"line":16,"column":0},"end":{"line":16,"column":14}},"16":{"start":{"line":17,"column":0},"end":{"line":17,"column":32}},"17":{"start":{"line":18,"column":0},"end":{"line":18,"column":40}},"18":{"start":{"line":19,"column":0},"end":{"line":19,"column":5}},"19":{"start":{"line":20,"column":0},"end":{"line":20,"column":0}},"20":{"start":{"line":21,"column":0},"end":{"line":21,"column":34}},"21":{"start":{"line":22,"column":0},"end":{"line":22,"column":42}},"22":{"start":{"line":23,"column":0},"end":{"line":23,"column":5}},"23":{"start":{"line":24,"column":0},"end":{"line":24,"column":3}},"24":{"start":{"line":25,"column":0},"end":{"line":25,"column":0}},"25":{"start":{"line":26,"column":0},"end":{"line":26,"column":14}},"26":{"start":{"line":27,"column":0},"end":{"line":27,"column":38}},"27":{"start":{"line":28,"column":0},"end":{"line":28,"column":69}},"28":{"start":{"line":29,"column":0},"end":{"line":29,"column":5}},"29":{"start":{"line":30,"column":0},"end":{"line":30,"column":0}},"30":{"start":{"line":31,"column":0},"end":{"line":31,"column":23}},"31":{"start":{"line":32,"column":0},"end":{"line":32,"column":3}},"32":{"start":{"line":33,"column":0},"end":{"line":33,"column":0}},"33":{"start":{"line":34,"column":0},"end":{"line":34,"column":16}},"34":{"start":{"line":35,"column":0},"end":{"line":35,"column":24}},"35":{"start":{"line":36,"column":0},"end":{"line":36,"column":3}},"36":{"start":{"line":37,"column":0},"end":{"line":37,"column":0}},"37":{"start":{"line":38,"column":0},"end":{"line":38,"column":28}},"38":{"start":{"line":39,"column":0},"end":{"line":39,"column":21}},"39":{"start":{"line":40,"column":0},"end":{"line":40,"column":19}},"40":{"start":{"line":41,"column":0},"end":{"line":41,"column":3}},"41":{"start":{"line":42,"column":0},"end":{"line":42,"column":0}},"42":{"start":{"line":43,"column":0},"end":{"line":43,"column":35}},"43":{"start":{"line":44,"column":0},"end":{"line":44,"column":27}},"44":{"start":{"line":45,"column":0},"end":{"line":45,"column":3}},"45":{"start":{"line":46,"column":0},"end":{"line":46,"column":0}},"46":{"start":{"line":47,"column":0},"end":{"line":47,"column":14}},"47":{"start":{"line":48,"column":0},"end":{"line":48,"column":23}},"48":{"start":{"line":49,"column":0},"end":{"line":49,"column":3}},"49":{"start":{"line":50,"column":0},"end":{"line":50,"column":0}},"50":{"start":{"line":51,"column":0},"end":{"line":51,"column":35}},"51":{"start":{"line":52,"column":0},"end":{"line":52,"column":32}},"52":{"start":{"line":53,"column":0},"end":{"line":53,"column":3}},"53":{"start":{"line":54,"column":0},"end":{"line":54,"column":0}},"54":{"start":{"line":55,"column":0},"end":{"line":55,"column":14}},"55":{"start":{"line":56,"column":0},"end":{"line":56,"column":21}},"56":{"start":{"line":57,"column":0},"end":{"line":57,"column":3}},"57":{"start":{"line":58,"column":0},"end":{"line":58,"column":0}},"58":{"start":{"line":59,"column":0},"end":{"line":59,"column":12}},"59":{"start":{"line":60,"column":0},"end":{"line":60,"column":19}},"60":{"start":{"line":61,"column":0},"end":{"line":61,"column":3}},"61":{"start":{"line":62,"column":0},"end":{"line":62,"column":0}},"62":{"start":{"line":63,"column":0},"end":{"line":63,"column":16}},"63":{"start":{"line":64,"column":0},"end":{"line":64,"column":23}},"64":{"start":{"line":65,"column":0},"end":{"line":65,"column":3}},"65":{"start":{"line":66,"column":0},"end":{"line":66,"column":0}},"66":{"start":{"line":67,"column":0},"end":{"line":67,"column":22}},"67":{"start":{"line":68,"column":0},"end":{"line":68,"column":29}},"68":{"start":{"line":69,"column":0},"end":{"line":69,"column":3}},"69":{"start":{"line":70,"column":0},"end":{"line":70,"column":0}},"70":{"start":{"line":71,"column":0},"end":{"line":71,"column":17}},"71":{"start":{"line":72,"column":0},"end":{"line":72,"column":24}},"72":{"start":{"line":73,"column":0},"end":{"line":73,"column":3}},"73":{"start":{"line":74,"column":0},"end":{"line":74,"column":0}},"74":{"start":{"line":75,"column":0},"end":{"line":75,"column":33}},"75":{"start":{"line":76,"column":0},"end":{"line":76,"column":27}},"76":{"start":{"line":77,"column":0},"end":{"line":77,"column":3}},"77":{"start":{"line":78,"column":0},"end":{"line":78,"column":1}}},"s":{"0":1,"1":1,"2":1,"3":1,"4":1,"5":1,"6":1,"7":1,"8":1,"9":1,"10":19,"11":19,"12":19,"13":19,"14":1,"15":1,"16":21,"17":1,"18":1,"19":20,"20":21,"21":1,"22":1,"23":21,"24":1,"25":1,"26":2,"27":1,"28":1,"29":1,"30":1,"31":1,"32":1,"33":1,"34":1,"35":1,"36":1,"37":1,"38":2,"39":2,"40":2,"41":1,"42":1,"43":3,"44":3,"45":1,"46":1,"47":8,"48":8,"49":1,"50":1,"51":5,"52":5,"53":1,"54":1,"55":9,"56":9,"57":1,"58":1,"59":13,"60":13,"61":1,"62":1,"63":3,"64":3,"65":1,"66":1,"67":13,"68":13,"69":1,"70":1,"71":24,"72":24,"73":1,"74":1,"75":6,"76":6,"77":1},"branchMap":{"0":{"type":"branch","line":3,"loc":{"start":{"line":3,"column":13},"end":{"line":3,"column":21}},"locations":[{"start":{"line":3,"column":13},"end":{"line":3,"column":21}}]},"1":{"type":"branch","line":16,"loc":{"start":{"line":16,"column":2},"end":{"line":24,"column":3}},"locations":[{"start":{"line":16,"column":2},"end":{"line":24,"column":3}}]},"2":{"type":"branch","line":17,"loc":{"start":{"line":17,"column":31},"end":{"line":19,"column":5}},"locations":[{"start":{"line":17,"column":31},"end":{"line":19,"column":5}}]},"3":{"type":"branch","line":20,"loc":{"start":{"line":20,"column":-1},"end":{"line":21,"column":33}},"locations":[{"start":{"line":20,"column":-1},"end":{"line":21,"column":33}}]},"4":{"type":"branch","line":21,"loc":{"start":{"line":21,"column":33},"end":{"line":23,"column":5}},"locations":[{"start":{"line":21,"column":33},"end":{"line":23,"column":5}}]},"5":{"type":"branch","line":26,"loc":{"start":{"line":26,"column":2},"end":{"line":32,"column":3}},"locations":[{"start":{"line":26,"column":2},"end":{"line":32,"column":3}}]},"6":{"type":"branch","line":27,"loc":{"start":{"line":27,"column":37},"end":{"line":32,"column":3}},"locations":[{"start":{"line":27,"column":37},"end":{"line":32,"column":3}}]},"7":{"type":"branch","line":34,"loc":{"start":{"line":34,"column":2},"end":{"line":36,"column":3}},"locations":[{"start":{"line":34,"column":2},"end":{"line":36,"column":3}}]},"8":{"type":"branch","line":38,"loc":{"start":{"line":38,"column":2},"end":{"line":41,"column":3}},"locations":[{"start":{"line":38,"column":2},"end":{"line":41,"column":3}}]},"9":{"type":"branch","line":43,"loc":{"start":{"line":43,"column":2},"end":{"line":45,"column":3}},"locations":[{"start":{"line":43,"column":2},"end":{"line":45,"column":3}}]},"10":{"type":"branch","line":47,"loc":{"start":{"line":47,"column":2},"end":{"line":49,"column":3}},"locations":[{"start":{"line":47,"column":2},"end":{"line":49,"column":3}}]},"11":{"type":"branch","line":51,"loc":{"start":{"line":51,"column":2},"end":{"line":53,"column":3}},"locations":[{"start":{"line":51,"column":2},"end":{"line":53,"column":3}}]},"12":{"type":"branch","line":55,"loc":{"start":{"line":55,"column":6},"end":{"line":57,"column":3}},"locations":[{"start":{"line":55,"column":6},"end":{"line":57,"column":3}}]},"13":{"type":"branch","line":59,"loc":{"start":{"line":59,"column":6},"end":{"line":61,"column":3}},"locations":[{"start":{"line":59,"column":6},"end":{"line":61,"column":3}}]},"14":{"type":"branch","line":63,"loc":{"start":{"line":63,"column":6},"end":{"line":65,"column":3}},"locations":[{"start":{"line":63,"column":6},"end":{"line":65,"column":3}}]},"15":{"type":"branch","line":67,"loc":{"start":{"line":67,"column":6},"end":{"line":69,"column":3}},"locations":[{"start":{"line":67,"column":6},"end":{"line":69,"column":3}}]},"16":{"type":"branch","line":71,"loc":{"start":{"line":71,"column":6},"end":{"line":73,"column":3}},"locations":[{"start":{"line":71,"column":6},"end":{"line":73,"column":3}}]},"17":{"type":"branch","line":75,"loc":{"start":{"line":75,"column":6},"end":{"line":77,"column":3}},"locations":[{"start":{"line":75,"column":6},"end":{"line":77,"column":3}}]},"18":{"type":"branch","line":10,"loc":{"start":{"line":10,"column":2},"end":{"line":14,"column":3}},"locations":[{"start":{"line":10,"column":2},"end":{"line":14,"column":3}}]}},"b":{"0":[19],"1":[21],"2":[1],"3":[20],"4":[1],"5":[2],"6":[1],"7":[1],"8":[2],"9":[3],"10":[8],"11":[5],"12":[9],"13":[13],"14":[3],"15":[13],"16":[24],"17":[6],"18":[19]},"fnMap":{"0":{"name":"get","decl":{"start":{"line":3,"column":13},"end":{"line":3,"column":21}},"loc":{"start":{"line":3,"column":13},"end":{"line":3,"column":21}},"line":3},"1":{"name":"validate","decl":{"start":{"line":16,"column":2},"end":{"line":24,"column":3}},"loc":{"start":{"line":16,"column":2},"end":{"line":24,"column":3}},"line":16},"2":{"name":"activate","decl":{"start":{"line":26,"column":2},"end":{"line":32,"column":3}},"loc":{"start":{"line":26,"column":2},"end":{"line":32,"column":3}},"line":26},"3":{"name":"deactivate","decl":{"start":{"line":34,"column":2},"end":{"line":36,"column":3}},"loc":{"start":{"line":34,"column":2},"end":{"line":36,"column":3}},"line":34},"4":{"name":"changeName","decl":{"start":{"line":38,"column":2},"end":{"line":41,"column":3}},"loc":{"start":{"line":38,"column":2},"end":{"line":41,"column":3}},"line":38},"5":{"name":"changeAddress","decl":{"start":{"line":43,"column":2},"end":{"line":45,"column":3}},"loc":{"start":{"line":43,"column":2},"end":{"line":45,"column":3}},"line":43},"6":{"name":"isActive","decl":{"start":{"line":47,"column":2},"end":{"line":49,"column":3}},"loc":{"start":{"line":47,"column":2},"end":{"line":49,"column":3}},"line":47},"7":{"name":"addRewardPoints","decl":{"start":{"line":51,"column":2},"end":{"line":53,"column":3}},"loc":{"start":{"line":51,"column":2},"end":{"line":53,"column":3}},"line":51},"8":{"name":"get name","decl":{"start":{"line":55,"column":6},"end":{"line":57,"column":3}},"loc":{"start":{"line":55,"column":6},"end":{"line":57,"column":3}},"line":55},"9":{"name":"get id","decl":{"start":{"line":59,"column":6},"end":{"line":61,"column":3}},"loc":{"start":{"line":59,"column":6},"end":{"line":61,"column":3}},"line":59},"10":{"name":"get active","decl":{"start":{"line":63,"column":6},"end":{"line":65,"column":3}},"loc":{"start":{"line":63,"column":6},"end":{"line":65,"column":3}},"line":63},"11":{"name":"get rewardPoints","decl":{"start":{"line":67,"column":6},"end":{"line":69,"column":3}},"loc":{"start":{"line":67,"column":6},"end":{"line":69,"column":3}},"line":67},"12":{"name":"get address","decl":{"start":{"line":71,"column":6},"end":{"line":73,"column":3}},"loc":{"start":{"line":71,"column":6},"end":{"line":73,"column":3}},"line":71},"13":{"name":"set address","decl":{"start":{"line":75,"column":6},"end":{"line":77,"column":3}},"loc":{"start":{"line":75,"column":6},"end":{"line":77,"column":3}},"line":75},"14":{"name":"Customer","decl":{"start":{"line":10,"column":2},"end":{"line":14,"column":3}},"loc":{"start":{"line":10,"column":2},"end":{"line":14,"column":3}},"line":10}},"f":{"0":19,"1":21,"2":2,"3":1,"4":2,"5":3,"6":8,"7":5,"8":9,"9":13,"10":3,"11":13,"12":24,"13":6,"14":19}}
,"/home/floyd-montreal/projects/fullcycle-ddd-tatic-modeling-study/src/domain/entities/costumer/object-values/address/address.ov.ts": {"path":"/home/floyd-montreal/projects/fullcycle-ddd-tatic-modeling-study/src/domain/entities/costumer/object-values/address/address.ov.ts","all":false,"statementMap":{"0":{"start":{"line":1,"column":0},"end":{"line":1,"column":22}},"1":{"start":{"line":2,"column":0},"end":{"line":2,"column":25}},"2":{"start":{"line":3,"column":0},"end":{"line":3,"column":25}},"3":{"start":{"line":4,"column":0},"end":{"line":4,"column":23}},"4":{"start":{"line":5,"column":0},"end":{"line":5,"column":22}},"5":{"start":{"line":6,"column":0},"end":{"line":6,"column":0}},"6":{"start":{"line":7,"column":0},"end":{"line":7,"column":74}},"7":{"start":{"line":8,"column":0},"end":{"line":8,"column":25}},"8":{"start":{"line":9,"column":0},"end":{"line":9,"column":25}},"9":{"start":{"line":10,"column":0},"end":{"line":10,"column":21}},"10":{"start":{"line":11,"column":0},"end":{"line":11,"column":19}},"11":{"start":{"line":12,"column":0},"end":{"line":12,"column":3}},"12":{"start":{"line":13,"column":0},"end":{"line":13,"column":0}},"13":{"start":{"line":14,"column":0},"end":{"line":14,"column":24}},"14":{"start":{"line":15,"column":0},"end":{"line":15,"column":23}},"15":{"start":{"line":16,"column":0},"end":{"line":16,"column":3}},"16":{"start":{"line":17,"column":0},"end":{"line":17,"column":0}},"17":{"start":{"line":18,"column":0},"end":{"line":18,"column":24}},"18":{"start":{"line":19,"column":0},"end":{"line":19,"column":23}},"19":{"start":{"line":20,"column":0},"end":{"line":20,"column":3}},"20":{"start":{"line":21,"column":0},"end":{"line":21,"column":0}},"21":{"start":{"line":22,"column":0},"end":{"line":22,"column":22}},"22":{"start":{"line":23,"column":0},"end":{"line":23,"column":21}},"23":{"start":{"line":24,"column":0},"end":{"line":24,"column":3}},"24":{"start":{"line":25,"column":0},"end":{"line":25,"column":0}},"25":{"start":{"line":26,"column":0},"end":{"line":26,"column":21}},"26":{"start":{"line":27,"column":0},"end":{"line":27,"column":20}},"27":{"start":{"line":28,"column":0},"end":{"line":28,"column":3}},"28":{"start":{"line":29,"column":0},"end":{"line":29,"column":0}},"29":{"start":{"line":30,"column":0},"end":{"line":30,"column":20}},"30":{"start":{"line":31,"column":0},"end":{"line":31,"column":75}},"31":{"start":{"line":32,"column":0},"end":{"line":32,"column":3}},"32":{"start":{"line":33,"column":0},"end":{"line":33,"column":1}}},"s":{"0":1,"1":1,"2":1,"3":1,"4":1,"5":1,"6":1,"7":10,"8":10,"9":10,"10":10,"11":10,"12":1,"13":1,"14":9,"15":9,"16":1,"17":1,"18":9,"19":9,"20":1,"21":1,"22":9,"23":9,"24":1,"25":1,"26":9,"27":9,"28":1,"29":1,"30":1,"31":1,"32":1},"branchMap":{"0":{"type":"branch","line":1,"loc":{"start":{"line":1,"column":13},"end":{"line":1,"column":20}},"locations":[{"start":{"line":1,"column":13},"end":{"line":1,"column":20}}]},"1":{"type":"branch","line":14,"loc":{"start":{"line":14,"column":6},"end":{"line":16,"column":3}},"locations":[{"start":{"line":14,"column":6},"end":{"line":16,"column":3}}]},"2":{"type":"branch","line":18,"loc":{"start":{"line":18,"column":6},"end":{"line":20,"column":3}},"locations":[{"start":{"line":18,"column":6},"end":{"line":20,"column":3}}]},"3":{"type":"branch","line":22,"loc":{"start":{"line":22,"column":6},"end":{"line":24,"column":3}},"locations":[{"start":{"line":22,"column":6},"end":{"line":24,"column":3}}]},"4":{"type":"branch","line":26,"loc":{"start":{"line":26,"column":6},"end":{"line":28,"column":3}},"locations":[{"start":{"line":26,"column":6},"end":{"line":28,"column":3}}]},"5":{"type":"branch","line":30,"loc":{"start":{"line":30,"column":2},"end":{"line":32,"column":3}},"locations":[{"start":{"line":30,"column":2},"end":{"line":32,"column":3}}]},"6":{"type":"branch","line":7,"loc":{"start":{"line":7,"column":2},"end":{"line":12,"column":3}},"locations":[{"start":{"line":7,"column":2},"end":{"line":12,"column":3}}]}},"b":{"0":[10],"1":[9],"2":[9],"3":[9],"4":[9],"5":[1],"6":[10]},"fnMap":{"0":{"name":"get","decl":{"start":{"line":1,"column":13},"end":{"line":1,"column":20}},"loc":{"start":{"line":1,"column":13},"end":{"line":1,"column":20}},"line":1},"1":{"name":"get street","decl":{"start":{"line":14,"column":6},"end":{"line":16,"column":3}},"loc":{"start":{"line":14,"column":6},"end":{"line":16,"column":3}},"line":14},"2":{"name":"get number","decl":{"start":{"line":18,"column":6},"end":{"line":20,"column":3}},"loc":{"start":{"line":18,"column":6},"end":{"line":20,"column":3}},"line":18},"3":{"name":"get city","decl":{"start":{"line":22,"column":6},"end":{"line":24,"column":3}},"loc":{"start":{"line":22,"column":6},"end":{"line":24,"column":3}},"line":22},"4":{"name":"get zip","decl":{"start":{"line":26,"column":6},"end":{"line":28,"column":3}},"loc":{"start":{"line":26,"column":6},"end":{"line":28,"column":3}},"line":26},"5":{"name":"getAddressPtBR","decl":{"start":{"line":30,"column":2},"end":{"line":32,"column":3}},"loc":{"start":{"line":30,"column":2},"end":{"line":32,"column":3}},"line":30},"6":{"name":"Address","decl":{"start":{"line":7,"column":2},"end":{"line":12,"column":3}},"loc":{"start":{"line":7,"column":2},"end":{"line":12,"column":3}},"line":7}},"f":{"0":10,"1":9,"2":9,"3":9,"4":9,"5":1,"6":10}}
,"/home/floyd-montreal/projects/fullcycle-ddd-tatic-modeling-study/src/domain/entities/order/order_item.aggregate.ts": {"path":"/home/floyd-montreal/projects/fullcycle-ddd-tatic-modeling-study/src/domain/entities/order/order_item.aggregate.ts","all":false,"statementMap":{"0":{"start":{"line":1,"column":0},"end":{"line":1,"column":24}},"1":{"start":{"line":2,"column":0},"end":{"line":2,"column":21}},"2":{"start":{"line":3,"column":0},"end":{"line":3,"column":28}},"3":{"start":{"line":4,"column":0},"end":{"line":4,"column":23}},"4":{"start":{"line":5,"column":0},"end":{"line":5,"column":24}},"5":{"start":{"line":6,"column":0},"end":{"line":6,"column":27}},"6":{"start":{"line":7,"column":0},"end":{"line":7,"column":0}},"7":{"start":{"line":8,"column":0},"end":{"line":8,"column":14}},"8":{"start":{"line":9,"column":0},"end":{"line":9,"column":15}},"9":{"start":{"line":10,"column":0},"end":{"line":10,"column":22}},"10":{"start":{"line":11,"column":0},"end":{"line":11,"column":17}},"11":{"start":{"line":12,"column":0},"end":{"line":12,"column":18}},"12":{"start":{"line":13,"column":0},"end":{"line":13,"column":20}},"13":{"start":{"line":14,"column":0},"end":{"line":14,"column":5}},"14":{"start":{"line":15,"column":0},"end":{"line":15,"column":17}},"15":{"start":{"line":16,"column":0},"end":{"line":16,"column":21}},"16":{"start":{"line":17,"column":0},"end":{"line":17,"column":23}},"17":{"start":{"line":18,"column":0},"end":{"line":18,"column":31}},"18":{"start":{"line":19,"column":0},"end":{"line":19,"column":29}},"19":{"start":{"line":20,"column":0},"end":{"line":20,"column":3}},"20":{"start":{"line":21,"column":0},"end":{"line":21,"column":0}},"21":{"start":{"line":22,"column":0},"end":{"line":22,"column":20}},"22":{"start":{"line":23,"column":0},"end":{"line":23,"column":19}},"23":{"start":{"line":24,"column":0},"end":{"line":24,"column":3}},"24":{"start":{"line":25,"column":0},"end":{"line":25,"column":0}},"25":{"start":{"line":26,"column":0},"end":{"line":26,"column":22}},"26":{"start":{"line":27,"column":0},"end":{"line":27,"column":21}},"27":{"start":{"line":28,"column":0},"end":{"line":28,"column":3}},"28":{"start":{"line":29,"column":0},"end":{"line":29,"column":0}},"29":{"start":{"line":30,"column":0},"end":{"line":30,"column":15}},"30":{"start":{"line":31,"column":0},"end":{"line":31,"column":39}},"31":{"start":{"line":32,"column":0},"end":{"line":32,"column":3}},"32":{"start":{"line":33,"column":0},"end":{"line":33,"column":0}},"33":{"start":{"line":34,"column":0},"end":{"line":34,"column":27}},"34":{"start":{"line":35,"column":0},"end":{"line":35,"column":26}},"35":{"start":{"line":36,"column":0},"end":{"line":36,"column":3}},"36":{"start":{"line":37,"column":0},"end":{"line":37,"column":0}},"37":{"start":{"line":38,"column":0},"end":{"line":38,"column":18}},"38":{"start":{"line":39,"column":0},"end":{"line":39,"column":25}},"39":{"start":{"line":40,"column":0},"end":{"line":40,"column":3}},"40":{"start":{"line":41,"column":0},"end":{"line":41,"column":1}}},"s":{"0":1,"1":1,"2":1,"3":1,"4":1,"5":1,"6":1,"7":1,"8":10,"9":10,"10":10,"11":10,"12":10,"13":10,"14":10,"15":10,"16":10,"17":10,"18":10,"19":10,"20":1,"21":1,"22":0,"23":0,"24":1,"25":1,"26":0,"27":0,"28":1,"29":1,"30":18,"31":18,"32":1,"33":1,"34":0,"35":0,"36":1,"37":1,"38":8,"39":8,"40":1},"branchMap":{"0":{"type":"branch","line":1,"loc":{"start":{"line":1,"column":13},"end":{"line":1,"column":22}},"locations":[{"start":{"line":1,"column":13},"end":{"line":1,"column":22}}]},"1":{"type":"branch","line":30,"loc":{"start":{"line":30,"column":6},"end":{"line":32,"column":3}},"locations":[{"start":{"line":30,"column":6},"end":{"line":32,"column":3}}]},"2":{"type":"branch","line":38,"loc":{"start":{"line":38,"column":6},"end":{"line":40,"column":3}},"locations":[{"start":{"line":38,"column":6},"end":{"line":40,"column":3}}]},"3":{"type":"branch","line":8,"loc":{"start":{"line":8,"column":2},"end":{"line":20,"column":3}},"locations":[{"start":{"line":8,"column":2},"end":{"line":20,"column":3}}]}},"b":{"0":[10],"1":[18],"2":[8],"3":[10]},"fnMap":{"0":{"name":"get","decl":{"start":{"line":1,"column":13},"end":{"line":1,"column":22}},"loc":{"start":{"line":1,"column":13},"end":{"line":1,"column":22}},"line":1},"1":{"name":"get id","decl":{"start":{"line":22,"column":6},"end":{"line":24,"column":3}},"loc":{"start":{"line":22,"column":6},"end":{"line":24,"column":3}},"line":22},"2":{"name":"get name","decl":{"start":{"line":26,"column":6},"end":{"line":28,"column":3}},"loc":{"start":{"line":26,"column":6},"end":{"line":28,"column":3}},"line":26},"3":{"name":"get price","decl":{"start":{"line":30,"column":6},"end":{"line":32,"column":3}},"loc":{"start":{"line":30,"column":6},"end":{"line":32,"column":3}},"line":30},"4":{"name":"get productId","decl":{"start":{"line":34,"column":6},"end":{"line":36,"column":3}},"loc":{"start":{"line":34,"column":6},"end":{"line":36,"column":3}},"line":34},"5":{"name":"get quantity","decl":{"start":{"line":38,"column":6},"end":{"line":40,"column":3}},"loc":{"start":{"line":38,"column":6},"end":{"line":40,"column":3}},"line":38},"6":{"name":"OrderItem","decl":{"start":{"line":8,"column":2},"end":{"line":20,"column":3}},"loc":{"start":{"line":8,"column":2},"end":{"line":20,"column":3}},"line":8}},"f":{"0":10,"1":0,"2":0,"3":18,"4":0,"5":8,"6":10}}
,"/home/floyd-montreal/projects/fullcycle-ddd-tatic-modeling-study/src/domain/entities/order/entity/order.entity.ts": {"path":"/home/floyd-montreal/projects/fullcycle-ddd-tatic-modeling-study/src/domain/entities/order/entity/order.entity.ts","all":false,"statementMap":{"0":{"start":{"line":1,"column":0},"end":{"line":1,"column":51}},"1":{"start":{"line":2,"column":0},"end":{"line":2,"column":0}},"2":{"start":{"line":3,"column":0},"end":{"line":3,"column":20}},"3":{"start":{"line":4,"column":0},"end":{"line":4,"column":21}},"4":{"start":{"line":5,"column":0},"end":{"line":5,"column":29}},"5":{"start":{"line":6,"column":0},"end":{"line":6,"column":29}},"6":{"start":{"line":7,"column":0},"end":{"line":7,"column":24}},"7":{"start":{"line":8,"column":0},"end":{"line":8,"column":0}},"8":{"start":{"line":9,"column":0},"end":{"line":9,"column":67}},"9":{"start":{"line":10,"column":0},"end":{"line":10,"column":17}},"10":{"start":{"line":11,"column":0},"end":{"line":11,"column":33}},"11":{"start":{"line":12,"column":0},"end":{"line":12,"column":23}},"12":{"start":{"line":13,"column":0},"end":{"line":13,"column":30}},"13":{"start":{"line":14,"column":0},"end":{"line":14,"column":19}},"14":{"start":{"line":15,"column":0},"end":{"line":15,"column":3}},"15":{"start":{"line":16,"column":0},"end":{"line":16,"column":0}},"16":{"start":{"line":17,"column":0},"end":{"line":17,"column":20}},"17":{"start":{"line":18,"column":0},"end":{"line":18,"column":19}},"18":{"start":{"line":19,"column":0},"end":{"line":19,"column":3}},"19":{"start":{"line":20,"column":0},"end":{"line":20,"column":0}},"20":{"start":{"line":21,"column":0},"end":{"line":21,"column":28}},"21":{"start":{"line":22,"column":0},"end":{"line":22,"column":27}},"22":{"start":{"line":23,"column":0},"end":{"line":23,"column":3}},"23":{"start":{"line":24,"column":0},"end":{"line":24,"column":0}},"24":{"start":{"line":25,"column":0},"end":{"line":25,"column":28}},"25":{"start":{"line":26,"column":0},"end":{"line":26,"column":22}},"26":{"start":{"line":27,"column":0},"end":{"line":27,"column":3}},"27":{"start":{"line":28,"column":0},"end":{"line":28,"column":0}},"28":{"start":{"line":29,"column":0},"end":{"line":29,"column":14}},"29":{"start":{"line":30,"column":0},"end":{"line":30,"column":32}},"30":{"start":{"line":31,"column":0},"end":{"line":31,"column":40}},"31":{"start":{"line":32,"column":0},"end":{"line":32,"column":5}},"32":{"start":{"line":33,"column":0},"end":{"line":33,"column":0}},"33":{"start":{"line":34,"column":0},"end":{"line":34,"column":40}},"34":{"start":{"line":35,"column":0},"end":{"line":35,"column":49}},"35":{"start":{"line":36,"column":0},"end":{"line":36,"column":5}},"36":{"start":{"line":37,"column":0},"end":{"line":37,"column":0}},"37":{"start":{"line":38,"column":0},"end":{"line":38,"column":35}},"38":{"start":{"line":39,"column":0},"end":{"line":39,"column":64}},"39":{"start":{"line":40,"column":0},"end":{"line":40,"column":5}},"40":{"start":{"line":41,"column":0},"end":{"line":41,"column":0}},"41":{"start":{"line":42,"column":0},"end":{"line":42,"column":55}},"42":{"start":{"line":43,"column":0},"end":{"line":43,"column":60}},"43":{"start":{"line":44,"column":0},"end":{"line":44,"column":5}},"44":{"start":{"line":45,"column":0},"end":{"line":45,"column":3}},"45":{"start":{"line":46,"column":0},"end":{"line":46,"column":0}},"46":{"start":{"line":47,"column":0},"end":{"line":47,"column":11}},"47":{"start":{"line":48,"column":0},"end":{"line":48,"column":65}},"48":{"start":{"line":49,"column":0},"end":{"line":49,"column":3}},"49":{"start":{"line":50,"column":0},"end":{"line":50,"column":1}}},"s":{"0":1,"1":1,"2":1,"3":1,"4":1,"5":1,"6":1,"7":1,"8":1,"9":8,"10":8,"11":8,"12":8,"13":8,"14":8,"15":1,"16":1,"17":0,"18":0,"19":1,"20":1,"21":0,"22":0,"23":1,"24":1,"25":0,"26":0,"27":1,"28":1,"29":8,"30":1,"31":1,"32":7,"33":8,"34":1,"35":1,"36":6,"37":8,"38":1,"39":1,"40":5,"41":8,"42":1,"43":1,"44":8,"45":1,"46":1,"47":13,"48":13,"49":1},"branchMap":{"0":{"type":"branch","line":3,"loc":{"start":{"line":3,"column":13},"end":{"line":3,"column":18}},"locations":[{"start":{"line":3,"column":13},"end":{"line":3,"column":18}}]},"1":{"type":"branch","line":29,"loc":{"start":{"line":29,"column":2},"end":{"line":45,"column":3}},"locations":[{"start":{"line":29,"column":2},"end":{"line":45,"column":3}}]},"2":{"type":"branch","line":30,"loc":{"start":{"line":30,"column":31},"end":{"line":32,"column":5}},"locations":[{"start":{"line":30,"column":31},"end":{"line":32,"column":5}}]},"3":{"type":"branch","line":33,"loc":{"start":{"line":33,"column":-1},"end":{"line":34,"column":39}},"locations":[{"start":{"line":33,"column":-1},"end":{"line":34,"column":39}}]},"4":{"type":"branch","line":34,"loc":{"start":{"line":34,"column":39},"end":{"line":36,"column":5}},"locations":[{"start":{"line":34,"column":39},"end":{"line":36,"column":5}}]},"5":{"type":"branch","line":37,"loc":{"start":{"line":37,"column":-1},"end":{"line":38,"column":34}},"locations":[{"start":{"line":37,"column":-1},"end":{"line":38,"column":34}}]},"6":{"type":"branch","line":38,"loc":{"start":{"line":38,"column":34},"end":{"line":40,"column":5}},"locations":[{"start":{"line":38,"column":34},"end":{"line":40,"column":5}}]},"7":{"type":"branch","line":41,"loc":{"start":{"line":41,"column":-1},"end":{"line":42,"column":54}},"locations":[{"start":{"line":41,"column":-1},"end":{"line":42,"column":54}}]},"8":{"type":"branch","line":42,"loc":{"start":{"line":42,"column":54},"end":{"line":44,"column":5}},"locations":[{"start":{"line":42,"column":54},"end":{"line":44,"column":5}}]},"9":{"type":"branch","line":42,"loc":{"start":{"line":42,"column":25},"end":{"line":42,"column":51}},"locations":[{"start":{"line":42,"column":25},"end":{"line":42,"column":51}}]},"10":{"type":"branch","line":47,"loc":{"start":{"line":47,"column":2},"end":{"line":49,"column":3}},"locations":[{"start":{"line":47,"column":2},"end":{"line":49,"column":3}}]},"11":{"type":"branch","line":48,"loc":{"start":{"line":48,"column":30},"end":{"line":48,"column":61}},"locations":[{"start":{"line":48,"column":30},"end":{"line":48,"column":61}}]},"12":{"type":"branch","line":9,"loc":{"start":{"line":9,"column":2},"end":{"line":15,"column":3}},"locations":[{"start":{"line":9,"column":2},"end":{"line":15,"column":3}}]}},"b":{"0":[8],"1":[8],"2":[1],"3":[7],"4":[1],"5":[6],"6":[1],"7":[5],"8":[1],"9":[8],"10":[13],"11":[18],"12":[8]},"fnMap":{"0":{"name":"get","decl":{"start":{"line":3,"column":13},"end":{"line":3,"column":18}},"loc":{"start":{"line":3,"column":13},"end":{"line":3,"column":18}},"line":3},"1":{"name":"get id","decl":{"start":{"line":17,"column":6},"end":{"line":19,"column":3}},"loc":{"start":{"line":17,"column":6},"end":{"line":19,"column":3}},"line":17},"2":{"name":"get customerId","decl":{"start":{"line":21,"column":6},"end":{"line":23,"column":3}},"loc":{"start":{"line":21,"column":6},"end":{"line":23,"column":3}},"line":21},"3":{"name":"get items","decl":{"start":{"line":25,"column":6},"end":{"line":27,"column":3}},"loc":{"start":{"line":25,"column":6},"end":{"line":27,"column":3}},"line":25},"4":{"name":"validate","decl":{"start":{"line":29,"column":2},"end":{"line":45,"column":3}},"loc":{"start":{"line":29,"column":2},"end":{"line":45,"column":3}},"line":29},"5":{"name":"total","decl":{"start":{"line":47,"column":2},"end":{"line":49,"column":3}},"loc":{"start":{"line":47,"column":2},"end":{"line":49,"column":3}},"line":47},"6":{"name":"Order","decl":{"start":{"line":9,"column":2},"end":{"line":15,"column":3}},"loc":{"start":{"line":9,"column":2},"end":{"line":15,"column":3}},"line":9}},"f":{"0":8,"1":0,"2":0,"3":0,"4":8,"5":13,"6":8}}
,"/home/floyd-montreal/projects/fullcycle-ddd-tatic-modeling-study/src/domain/entities/product/entity/product.entity.ts": {"path":"/home/floyd-montreal/projects/fullcycle-ddd-tatic-modeling-study/src/domain/entities/product/entity/product.entity.ts","all":false,"statementMap":{"0":{"start":{"line":1,"column":0},"end":{"line":1,"column":22}},"1":{"start":{"line":2,"column":0},"end":{"line":2,"column":21}},"2":{"start":{"line":3,"column":0},"end":{"line":3,"column":23}},"3":{"start":{"line":4,"column":0},"end":{"line":4,"column":24}},"4":{"start":{"line":5,"column":0},"end":{"line":5,"column":0}},"5":{"start":{"line":6,"column":0},"end":{"line":6,"column":56}},"6":{"start":{"line":7,"column":0},"end":{"line":7,"column":17}},"7":{"start":{"line":8,"column":0},"end":{"line":8,"column":21}},"8":{"start":{"line":9,"column":0},"end":{"line":9,"column":23}},"9":{"start":{"line":10,"column":0},"end":{"line":10,"column":19}},"10":{"start":{"line":11,"column":0},"end":{"line":11,"column":3}},"11":{"start":{"line":12,"column":0},"end":{"line":12,"column":0}},"12":{"start":{"line":13,"column":0},"end":{"line":13,"column":14}},"13":{"start":{"line":14,"column":0},"end":{"line":14,"column":32}},"14":{"start":{"line":15,"column":0},"end":{"line":15,"column":40}},"15":{"start":{"line":16,"column":0},"end":{"line":16,"column":5}},"16":{"start":{"line":17,"column":0},"end":{"line":17,"column":0}},"17":{"start":{"line":18,"column":0},"end":{"line":18,"column":34}},"18":{"start":{"line":19,"column":0},"end":{"line":19,"column":42}},"19":{"start":{"line":20,"column":0},"end":{"line":20,"column":5}},"20":{"start":{"line":21,"column":0},"end":{"line":21,"column":0}},"21":{"start":{"line":22,"column":0},"end":{"line":22,"column":26}},"22":{"start":{"line":23,"column":0},"end":{"line":23,"column":57}},"23":{"start":{"line":24,"column":0},"end":{"line":24,"column":5}},"24":{"start":{"line":25,"column":0},"end":{"line":25,"column":3}},"25":{"start":{"line":26,"column":0},"end":{"line":26,"column":0}},"26":{"start":{"line":27,"column":0},"end":{"line":27,"column":28}},"27":{"start":{"line":28,"column":0},"end":{"line":28,"column":21}},"28":{"start":{"line":29,"column":0},"end":{"line":29,"column":19}},"29":{"start":{"line":30,"column":0},"end":{"line":30,"column":3}},"30":{"start":{"line":31,"column":0},"end":{"line":31,"column":0}},"31":{"start":{"line":32,"column":0},"end":{"line":32,"column":30}},"32":{"start":{"line":33,"column":0},"end":{"line":33,"column":23}},"33":{"start":{"line":34,"column":0},"end":{"line":34,"column":19}},"34":{"start":{"line":35,"column":0},"end":{"line":35,"column":3}},"35":{"start":{"line":36,"column":0},"end":{"line":36,"column":0}},"36":{"start":{"line":37,"column":0},"end":{"line":37,"column":12}},"37":{"start":{"line":38,"column":0},"end":{"line":38,"column":19}},"38":{"start":{"line":39,"column":0},"end":{"line":39,"column":3}},"39":{"start":{"line":40,"column":0},"end":{"line":40,"column":0}},"40":{"start":{"line":41,"column":0},"end":{"line":41,"column":14}},"41":{"start":{"line":42,"column":0},"end":{"line":42,"column":21}},"42":{"start":{"line":43,"column":0},"end":{"line":43,"column":3}},"43":{"start":{"line":44,"column":0},"end":{"line":44,"column":0}},"44":{"start":{"line":45,"column":0},"end":{"line":45,"column":15}},"45":{"start":{"line":46,"column":0},"end":{"line":46,"column":22}},"46":{"start":{"line":47,"column":0},"end":{"line":47,"column":3}},"47":{"start":{"line":48,"column":0},"end":{"line":48,"column":1}}},"s":{"0":1,"1":1,"2":1,"3":1,"4":1,"5":1,"6":18,"7":18,"8":18,"9":18,"10":18,"11":1,"12":1,"13":24,"14":1,"15":1,"16":23,"17":24,"18":1,"19":1,"20":22,"21":24,"22":1,"23":1,"24":24,"25":1,"26":1,"27":2,"28":2,"29":2,"30":1,"31":1,"32":4,"33":4,"34":4,"35":1,"36":1,"37":10,"38":10,"39":1,"40":1,"41":11,"42":11,"43":1,"44":1,"45":14,"46":14,"47":1},"branchMap":{"0":{"type":"branch","line":1,"loc":{"start":{"line":1,"column":13},"end":{"line":1,"column":20}},"locations":[{"start":{"line":1,"column":13},"end":{"line":1,"column":20}}]},"1":{"type":"branch","line":13,"loc":{"start":{"line":13,"column":2},"end":{"line":25,"column":3}},"locations":[{"start":{"line":13,"column":2},"end":{"line":25,"column":3}}]},"2":{"type":"branch","line":14,"loc":{"start":{"line":14,"column":31},"end":{"line":16,"column":5}},"locations":[{"start":{"line":14,"column":31},"end":{"line":16,"column":5}}]},"3":{"type":"branch","line":17,"loc":{"start":{"line":17,"column":-1},"end":{"line":18,"column":33}},"locations":[{"start":{"line":17,"column":-1},"end":{"line":18,"column":33}}]},"4":{"type":"branch","line":18,"loc":{"start":{"line":18,"column":33},"end":{"line":20,"column":5}},"locations":[{"start":{"line":18,"column":33},"end":{"line":20,"column":5}}]},"5":{"type":"branch","line":21,"loc":{"start":{"line":21,"column":-1},"end":{"line":22,"column":25}},"locations":[{"start":{"line":21,"column":-1},"end":{"line":22,"column":25}}]},"6":{"type":"branch","line":22,"loc":{"start":{"line":22,"column":25},"end":{"line":24,"column":5}},"locations":[{"start":{"line":22,"column":25},"end":{"line":24,"column":5}}]},"7":{"type":"branch","line":27,"loc":{"start":{"line":27,"column":2},"end":{"line":30,"column":3}},"locations":[{"start":{"line":27,"column":2},"end":{"line":30,"column":3}}]},"8":{"type":"branch","line":32,"loc":{"start":{"line":32,"column":2},"end":{"line":35,"column":3}},"locations":[{"start":{"line":32,"column":2},"end":{"line":35,"column":3}}]},"9":{"type":"branch","line":37,"loc":{"start":{"line":37,"column":6},"end":{"line":39,"column":3}},"locations":[{"start":{"line":37,"column":6},"end":{"line":39,"column":3}}]},"10":{"type":"branch","line":41,"loc":{"start":{"line":41,"column":6},"end":{"line":43,"column":3}},"locations":[{"start":{"line":41,"column":6},"end":{"line":43,"column":3}}]},"11":{"type":"branch","line":45,"loc":{"start":{"line":45,"column":6},"end":{"line":47,"column":3}},"locations":[{"start":{"line":45,"column":6},"end":{"line":47,"column":3}}]},"12":{"type":"branch","line":6,"loc":{"start":{"line":6,"column":2},"end":{"line":11,"column":3}},"locations":[{"start":{"line":6,"column":2},"end":{"line":11,"column":3}}]}},"b":{"0":[18],"1":[24],"2":[1],"3":[23],"4":[1],"5":[22],"6":[1],"7":[2],"8":[4],"9":[10],"10":[11],"11":[14],"12":[18]},"fnMap":{"0":{"name":"get","decl":{"start":{"line":1,"column":13},"end":{"line":1,"column":20}},"loc":{"start":{"line":1,"column":13},"end":{"line":1,"column":20}},"line":1},"1":{"name":"validate","decl":{"start":{"line":13,"column":2},"end":{"line":25,"column":3}},"loc":{"start":{"line":13,"column":2},"end":{"line":25,"column":3}},"line":13},"2":{"name":"changeName","decl":{"start":{"line":27,"column":2},"end":{"line":30,"column":3}},"loc":{"start":{"line":27,"column":2},"end":{"line":30,"column":3}},"line":27},"3":{"name":"changePrice","decl":{"start":{"line":32,"column":2},"end":{"line":35,"column":3}},"loc":{"start":{"line":32,"column":2},"end":{"line":35,"column":3}},"line":32},"4":{"name":"get id","decl":{"start":{"line":37,"column":6},"end":{"line":39,"column":3}},"loc":{"start":{"line":37,"column":6},"end":{"line":39,"column":3}},"line":37},"5":{"name":"get name","decl":{"start":{"line":41,"column":6},"end":{"line":43,"column":3}},"loc":{"start":{"line":41,"column":6},"end":{"line":43,"column":3}},"line":41},"6":{"name":"get price","decl":{"start":{"line":45,"column":6},"end":{"line":47,"column":3}},"loc":{"start":{"line":45,"column":6},"end":{"line":47,"column":3}},"line":45},"7":{"name":"Product","decl":{"start":{"line":6,"column":2},"end":{"line":11,"column":3}},"loc":{"start":{"line":6,"column":2},"end":{"line":11,"column":3}},"line":6}},"f":{"0":18,"1":24,"2":2,"3":4,"4":10,"5":11,"6":14,"7":18}}
,"/home/floyd-montreal/projects/fullcycle-ddd-tatic-modeling-study/src/domain/events/@shared/event-dispatcher.ts": {"path":"/home/floyd-montreal/projects/fullcycle-ddd-tatic-modeling-study/src/domain/events/@shared/event-dispatcher.ts","all":false,"statementMap":{"0":{"start":{"line":1,"column":0},"end":{"line":1,"column":63}},"1":{"start":{"line":2,"column":0},"end":{"line":2,"column":57}},"2":{"start":{"line":3,"column":0},"end":{"line":3,"column":42}},"3":{"start":{"line":4,"column":0},"end":{"line":4,"column":0}},"4":{"start":{"line":5,"column":0},"end":{"line":5,"column":22}},"5":{"start":{"line":6,"column":0},"end":{"line":6,"column":38}},"6":{"start":{"line":7,"column":0},"end":{"line":7,"column":1}},"7":{"start":{"line":8,"column":0},"end":{"line":8,"column":0}},"8":{"start":{"line":9,"column":0},"end":{"line":9,"column":58}},"9":{"start":{"line":10,"column":0},"end":{"line":10,"column":39}},"10":{"start":{"line":11,"column":0},"end":{"line":11,"column":0}},"11":{"start":{"line":12,"column":0},"end":{"line":12,"column":18}},"12":{"start":{"line":13,"column":0},"end":{"line":13,"column":25}},"13":{"start":{"line":14,"column":0},"end":{"line":14,"column":3}},"14":{"start":{"line":15,"column":0},"end":{"line":15,"column":0}},"15":{"start":{"line":16,"column":0},"end":{"line":16,"column":25}},"16":{"start":{"line":17,"column":0},"end":{"line":17,"column":44}},"17":{"start":{"line":18,"column":0},"end":{"line":18,"column":0}},"18":{"start":{"line":19,"column":0},"end":{"line":19,"column":36}},"19":{"start":{"line":20,"column":0},"end":{"line":20,"column":73}},"20":{"start":{"line":21,"column":0},"end":{"line":21,"column":5}},"21":{"start":{"line":22,"column":0},"end":{"line":22,"column":3}},"22":{"start":{"line":23,"column":0},"end":{"line":23,"column":0}},"23":{"start":{"line":24,"column":0},"end":{"line":24,"column":68}},"24":{"start":{"line":25,"column":0},"end":{"line":25,"column":37}},"25":{"start":{"line":26,"column":0},"end":{"line":26,"column":36}},"26":{"start":{"line":27,"column":0},"end":{"line":27,"column":5}},"27":{"start":{"line":28,"column":0},"end":{"line":28,"column":0}},"28":{"start":{"line":29,"column":0},"end":{"line":29,"column":48}},"29":{"start":{"line":30,"column":0},"end":{"line":30,"column":3}},"30":{"start":{"line":31,"column":0},"end":{"line":31,"column":0}},"31":{"start":{"line":32,"column":0},"end":{"line":32,"column":70}},"32":{"start":{"line":33,"column":0},"end":{"line":33,"column":37}},"33":{"start":{"line":34,"column":0},"end":{"line":34,"column":12}},"34":{"start":{"line":35,"column":0},"end":{"line":35,"column":5}},"35":{"start":{"line":36,"column":0},"end":{"line":36,"column":0}},"36":{"start":{"line":37,"column":0},"end":{"line":37,"column":65}},"37":{"start":{"line":38,"column":0},"end":{"line":38,"column":0}},"38":{"start":{"line":39,"column":0},"end":{"line":39,"column":23}},"39":{"start":{"line":40,"column":0},"end":{"line":40,"column":48}},"40":{"start":{"line":41,"column":0},"end":{"line":41,"column":5}},"41":{"start":{"line":42,"column":0},"end":{"line":42,"column":3}},"42":{"start":{"line":43,"column":0},"end":{"line":43,"column":0}},"43":{"start":{"line":44,"column":0},"end":{"line":44,"column":19}},"44":{"start":{"line":45,"column":0},"end":{"line":45,"column":23}},"45":{"start":{"line":46,"column":0},"end":{"line":46,"column":3}},"46":{"start":{"line":47,"column":0},"end":{"line":47,"column":1}}},"s":{"0":1,"1":1,"2":1,"3":1,"4":1,"5":1,"6":1,"7":1,"8":1,"9":1,"10":1,"11":1,"12":9,"13":9,"14":1,"15":1,"16":1,"17":1,"18":1,"19":1,"20":1,"21":1,"22":1,"23":1,"24":4,"25":4,"26":4,"27":4,"28":4,"29":4,"30":1,"31":1,"32":1,"33":0,"34":0,"35":1,"36":1,"37":1,"38":1,"39":1,"40":1,"41":1,"42":1,"43":1,"44":1,"45":1,"46":1},"branchMap":{"0":{"type":"branch","line":9,"loc":{"start":{"line":9,"column":13},"end":{"line":9,"column":28}},"locations":[{"start":{"line":9,"column":13},"end":{"line":9,"column":28}}]},"1":{"type":"branch","line":12,"loc":{"start":{"line":12,"column":6},"end":{"line":14,"column":3}},"locations":[{"start":{"line":12,"column":6},"end":{"line":14,"column":3}}]},"2":{"type":"branch","line":16,"loc":{"start":{"line":16,"column":2},"end":{"line":22,"column":3}},"locations":[{"start":{"line":16,"column":2},"end":{"line":22,"column":3}}]},"3":{"type":"branch","line":20,"loc":{"start":{"line":20,"column":40},"end":{"line":20,"column":72}},"locations":[{"start":{"line":20,"column":40},"end":{"line":20,"column":72}}]},"4":{"type":"branch","line":24,"loc":{"start":{"line":24,"column":2},"end":{"line":30,"column":3}},"locations":[{"start":{"line":24,"column":2},"end":{"line":30,"column":3}}]},"5":{"type":"branch","line":32,"loc":{"start":{"line":32,"column":2},"end":{"line":42,"column":3}},"locations":[{"start":{"line":32,"column":2},"end":{"line":42,"column":3}}]},"6":{"type":"branch","line":33,"loc":{"start":{"line":33,"column":36},"end":{"line":35,"column":5}},"locations":[{"start":{"line":33,"column":36},"end":{"line":35,"column":5}}]},"7":{"type":"branch","line":44,"loc":{"start":{"line":44,"column":2},"end":{"line":46,"column":3}},"locations":[{"start":{"line":44,"column":2},"end":{"line":46,"column":3}}]}},"b":{"0":[4],"1":[9],"2":[1],"3":[1],"4":[4],"5":[1],"6":[0],"7":[1]},"fnMap":{"0":{"name":"get","decl":{"start":{"line":9,"column":13},"end":{"line":9,"column":28}},"loc":{"start":{"line":9,"column":13},"end":{"line":9,"column":28}},"line":9},"1":{"name":"get handlers","decl":{"start":{"line":12,"column":6},"end":{"line":14,"column":3}},"loc":{"start":{"line":12,"column":6},"end":{"line":14,"column":3}},"line":12},"2":{"name":"notify","decl":{"start":{"line":16,"column":2},"end":{"line":22,"column":3}},"loc":{"start":{"line":16,"column":2},"end":{"line":22,"column":3}},"line":16},"3":{"name":"register","decl":{"start":{"line":24,"column":2},"end":{"line":30,"column":3}},"loc":{"start":{"line":24,"column":2},"end":{"line":30,"column":3}},"line":24},"4":{"name":"unregister","decl":{"start":{"line":32,"column":2},"end":{"line":42,"column":3}},"loc":{"start":{"line":32,"column":2},"end":{"line":42,"column":3}},"line":32},"5":{"name":"unregisterAll","decl":{"start":{"line":44,"column":2},"end":{"line":46,"column":3}},"loc":{"start":{"line":44,"column":2},"end":{"line":46,"column":3}},"line":44}},"f":{"0":4,"1":9,"2":1,"3":4,"4":1,"5":1}}
,"/home/floyd-montreal/projects/fullcycle-ddd-tatic-modeling-study/src/domain/events/product/product-created.event.ts": {"path":"/home/floyd-montreal/projects/fullcycle-ddd-tatic-modeling-study/src/domain/events/product/product-created.event.ts","all":false,"statementMap":{"0":{"start":{"line":1,"column":0},"end":{"line":1,"column":51}},"1":{"start":{"line":2,"column":0},"end":{"line":2,"column":0}},"2":{"start":{"line":3,"column":0},"end":{"line":3,"column":52}},"3":{"start":{"line":4,"column":0},"end":{"line":4,"column":17}},"4":{"start":{"line":5,"column":0},"end":{"line":5,"column":11}},"5":{"start":{"line":6,"column":0},"end":{"line":6,"column":0}},"6":{"start":{"line":7,"column":0},"end":{"line":7,"column":26}},"7":{"start":{"line":8,"column":0},"end":{"line":8,"column":31}},"8":{"start":{"line":9,"column":0},"end":{"line":9,"column":20}},"9":{"start":{"line":10,"column":0},"end":{"line":10,"column":3}},"10":{"start":{"line":11,"column":0},"end":{"line":11,"column":1}}},"s":{"0":1,"1":1,"2":1,"3":1,"4":1,"5":1,"6":1,"7":1,"8":1,"9":1,"10":1},"branchMap":{"0":{"type":"branch","line":3,"loc":{"start":{"line":3,"column":13},"end":{"line":3,"column":32}},"locations":[{"start":{"line":3,"column":13},"end":{"line":3,"column":32}}]},"1":{"type":"branch","line":7,"loc":{"start":{"line":7,"column":2},"end":{"line":10,"column":3}},"locations":[{"start":{"line":7,"column":2},"end":{"line":10,"column":3}}]}},"b":{"0":[1],"1":[1]},"fnMap":{"0":{"name":"get","decl":{"start":{"line":3,"column":13},"end":{"line":3,"column":32}},"loc":{"start":{"line":3,"column":13},"end":{"line":3,"column":32}},"line":3},"1":{"name":"ProductCreatedEvent","decl":{"start":{"line":7,"column":2},"end":{"line":10,"column":3}},"loc":{"start":{"line":7,"column":2},"end":{"line":10,"column":3}},"line":7}},"f":{"0":1,"1":1}}
,"/home/floyd-montreal/projects/fullcycle-ddd-tatic-modeling-study/src/domain/events/product/handlers/send-email-when-product-created.handler.ts": {"path":"/home/floyd-montreal/projects/fullcycle-ddd-tatic-modeling-study/src/domain/events/product/handlers/send-email-when-product-created.handler.ts","all":false,"statementMap":{"0":{"start":{"line":1,"column":0},"end":{"line":1,"column":69}},"1":{"start":{"line":2,"column":0},"end":{"line":2,"column":62}},"2":{"start":{"line":3,"column":0},"end":{"line":3,"column":0}},"3":{"start":{"line":4,"column":0},"end":{"line":4,"column":47}},"4":{"start":{"line":5,"column":0},"end":{"line":5,"column":47}},"5":{"start":{"line":6,"column":0},"end":{"line":6,"column":1}},"6":{"start":{"line":7,"column":0},"end":{"line":7,"column":44}},"7":{"start":{"line":8,"column":0},"end":{"line":8,"column":39}},"8":{"start":{"line":9,"column":0},"end":{"line":9,"column":3}},"9":{"start":{"line":10,"column":0},"end":{"line":10,"column":1}}},"s":{"0":1,"1":1,"2":1,"3":1,"4":1,"5":1,"6":1,"7":1,"8":1,"9":1},"branchMap":{"0":{"type":"branch","line":4,"loc":{"start":{"line":4,"column":13},"end":{"line":4,"column":47}},"locations":[{"start":{"line":4,"column":13},"end":{"line":4,"column":47}}]},"1":{"type":"branch","line":7,"loc":{"start":{"line":7,"column":2},"end":{"line":9,"column":3}},"locations":[{"start":{"line":7,"column":2},"end":{"line":9,"column":3}}]}},"b":{"0":[4],"1":[1]},"fnMap":{"0":{"name":"get","decl":{"start":{"line":4,"column":13},"end":{"line":4,"column":47}},"loc":{"start":{"line":4,"column":13},"end":{"line":4,"column":47}},"line":4},"1":{"name":"handle","decl":{"start":{"line":7,"column":2},"end":{"line":9,"column":3}},"loc":{"start":{"line":7,"column":2},"end":{"line":9,"column":3}},"line":7}},"f":{"0":4,"1":1}}
,"/home/floyd-montreal/projects/fullcycle-ddd-tatic-modeling-study/src/domain/services/order.service.ts": {"path":"/home/floyd-montreal/projects/fullcycle-ddd-tatic-modeling-study/src/domain/services/order.service.ts","all":false,"statementMap":{"0":{"start":{"line":1,"column":0},"end":{"line":1,"column":25}},"1":{"start":{"line":2,"column":0},"end":{"line":2,"column":70}},"2":{"start":{"line":3,"column":0},"end":{"line":3,"column":61}},"3":{"start":{"line":4,"column":0},"end":{"line":4,"column":66}},"4":{"start":{"line":5,"column":0},"end":{"line":5,"column":0}},"5":{"start":{"line":6,"column":0},"end":{"line":6,"column":27}},"6":{"start":{"line":7,"column":0},"end":{"line":7,"column":33}},"7":{"start":{"line":8,"column":0},"end":{"line":8,"column":64}},"8":{"start":{"line":9,"column":0},"end":{"line":9,"column":3}},"9":{"start":{"line":10,"column":0},"end":{"line":10,"column":0}},"10":{"start":{"line":11,"column":0},"end":{"line":11,"column":61}},"11":{"start":{"line":12,"column":0},"end":{"line":12,"column":29}},"12":{"start":{"line":13,"column":0},"end":{"line":13,"column":59}},"13":{"start":{"line":14,"column":0},"end":{"line":14,"column":5}},"14":{"start":{"line":15,"column":0},"end":{"line":15,"column":0}},"15":{"start":{"line":16,"column":0},"end":{"line":16,"column":53}},"16":{"start":{"line":17,"column":0},"end":{"line":17,"column":47}},"17":{"start":{"line":18,"column":0},"end":{"line":18,"column":0}},"18":{"start":{"line":19,"column":0},"end":{"line":19,"column":16}},"19":{"start":{"line":20,"column":0},"end":{"line":20,"column":3}},"20":{"start":{"line":21,"column":0},"end":{"line":21,"column":1}}},"s":{"0":1,"1":1,"2":1,"3":1,"4":1,"5":1,"6":1,"7":1,"8":1,"9":1,"10":1,"11":2,"12":1,"13":1,"14":1,"15":1,"16":1,"17":1,"18":1,"19":1,"20":1},"branchMap":{"0":{"type":"branch","line":6,"loc":{"start":{"line":6,"column":13},"end":{"line":6,"column":25}},"locations":[{"start":{"line":6,"column":13},"end":{"line":6,"column":25}}]},"1":{"type":"branch","line":7,"loc":{"start":{"line":7,"column":9},"end":{"line":9,"column":3}},"locations":[{"start":{"line":7,"column":9},"end":{"line":9,"column":3}}]},"2":{"type":"branch","line":8,"loc":{"start":{"line":8,"column":25},"end":{"line":8,"column":60}},"locations":[{"start":{"line":8,"column":25},"end":{"line":8,"column":60}}]},"3":{"type":"branch","line":11,"loc":{"start":{"line":11,"column":9},"end":{"line":20,"column":3}},"locations":[{"start":{"line":11,"column":9},"end":{"line":20,"column":3}}]},"4":{"type":"branch","line":12,"loc":{"start":{"line":12,"column":28},"end":{"line":20,"column":3}},"locations":[{"start":{"line":12,"column":28},"end":{"line":20,"column":3}}]}},"b":{"0":[3],"1":[1],"2":[2],"3":[2],"4":[1]},"fnMap":{"0":{"name":"get","decl":{"start":{"line":6,"column":13},"end":{"line":6,"column":25}},"loc":{"start":{"line":6,"column":13},"end":{"line":6,"column":25}},"line":6},"1":{"name":"total","decl":{"start":{"line":7,"column":9},"end":{"line":9,"column":3}},"loc":{"start":{"line":7,"column":9},"end":{"line":9,"column":3}},"line":7},"2":{"name":"placeOrder","decl":{"start":{"line":11,"column":9},"end":{"line":20,"column":3}},"loc":{"start":{"line":11,"column":9},"end":{"line":20,"column":3}},"line":11}},"f":{"0":3,"1":1,"2":2}}
,"/home/floyd-montreal/projects/fullcycle-ddd-tatic-modeling-study/src/domain/services/product.service.ts": {"path":"/home/floyd-montreal/projects/fullcycle-ddd-tatic-modeling-study/src/domain/services/product.service.ts","all":false,"statementMap":{"0":{"start":{"line":1,"column":0},"end":{"line":1,"column":67}},"1":{"start":{"line":2,"column":0},"end":{"line":2,"column":0}},"2":{"start":{"line":3,"column":0},"end":{"line":3,"column":29}},"3":{"start":{"line":4,"column":0},"end":{"line":4,"column":65}},"4":{"start":{"line":5,"column":0},"end":{"line":5,"column":31}},"5":{"start":{"line":6,"column":0},"end":{"line":6,"column":77}},"6":{"start":{"line":7,"column":0},"end":{"line":7,"column":5}},"7":{"start":{"line":8,"column":0},"end":{"line":8,"column":0}},"8":{"start":{"line":9,"column":0},"end":{"line":9,"column":19}},"9":{"start":{"line":10,"column":0},"end":{"line":10,"column":3}},"10":{"start":{"line":11,"column":0},"end":{"line":11,"column":1}}},"s":{"0":1,"1":1,"2":1,"3":1,"4":1,"5":2,"6":1,"7":1,"8":1,"9":1,"10":1},"branchMap":{"0":{"type":"branch","line":3,"loc":{"start":{"line":3,"column":13},"end":{"line":3,"column":27}},"locations":[{"start":{"line":3,"column":13},"end":{"line":3,"column":27}}]},"1":{"type":"branch","line":4,"loc":{"start":{"line":4,"column":9},"end":{"line":10,"column":3}},"locations":[{"start":{"line":4,"column":9},"end":{"line":10,"column":3}}]},"2":{"type":"branch","line":5,"loc":{"start":{"line":5,"column":21},"end":{"line":6,"column":77}},"locations":[{"start":{"line":5,"column":21},"end":{"line":6,"column":77}}]}},"b":{"0":[1],"1":[1],"2":[2]},"fnMap":{"0":{"name":"get","decl":{"start":{"line":3,"column":13},"end":{"line":3,"column":27}},"loc":{"start":{"line":3,"column":13},"end":{"line":3,"column":27}},"line":3},"1":{"name":"increasePrice","decl":{"start":{"line":4,"column":9},"end":{"line":10,"column":3}},"loc":{"start":{"line":4,"column":9},"end":{"line":10,"column":3}},"line":4}},"f":{"0":1,"1":1}}
,"/home/floyd-montreal/projects/fullcycle-ddd-tatic-modeling-study/src/infra/orm/sequelize/models/costumer.model.ts": {"path":"/home/floyd-montreal/projects/fullcycle-ddd-tatic-modeling-study/src/infra/orm/sequelize/models/costumer.model.ts","all":false,"statementMap":{"0":{"start":{"line":1,"column":0},"end":{"line":1,"column":71}},"1":{"start":{"line":2,"column":0},"end":{"line":2,"column":0}},"2":{"start":{"line":3,"column":0},"end":{"line":3,"column":8}},"3":{"start":{"line":4,"column":0},"end":{"line":4,"column":25}},"4":{"start":{"line":5,"column":0},"end":{"line":5,"column":19}},"5":{"start":{"line":6,"column":0},"end":{"line":6,"column":2}},"6":{"start":{"line":7,"column":0},"end":{"line":7,"column":51}},"7":{"start":{"line":8,"column":0},"end":{"line":8,"column":13}},"8":{"start":{"line":9,"column":0},"end":{"line":9,"column":9}},"9":{"start":{"line":10,"column":0},"end":{"line":10,"column":20}},"10":{"start":{"line":11,"column":0},"end":{"line":11,"column":0}},"11":{"start":{"line":12,"column":0},"end":{"line":12,"column":11}},"12":{"start":{"line":13,"column":0},"end":{"line":13,"column":20}},"13":{"start":{"line":14,"column":0},"end":{"line":14,"column":4}},"14":{"start":{"line":15,"column":0},"end":{"line":15,"column":22}},"15":{"start":{"line":16,"column":0},"end":{"line":16,"column":0}},"16":{"start":{"line":17,"column":0},"end":{"line":17,"column":11}},"17":{"start":{"line":18,"column":0},"end":{"line":18,"column":20}},"18":{"start":{"line":19,"column":0},"end":{"line":19,"column":4}},"19":{"start":{"line":20,"column":0},"end":{"line":20,"column":25}},"20":{"start":{"line":21,"column":0},"end":{"line":21,"column":0}},"21":{"start":{"line":22,"column":0},"end":{"line":22,"column":11}},"22":{"start":{"line":23,"column":0},"end":{"line":23,"column":20}},"23":{"start":{"line":24,"column":0},"end":{"line":24,"column":4}},"24":{"start":{"line":25,"column":0},"end":{"line":25,"column":30}},"25":{"start":{"line":26,"column":0},"end":{"line":26,"column":0}},"26":{"start":{"line":27,"column":0},"end":{"line":27,"column":11}},"27":{"start":{"line":28,"column":0},"end":{"line":28,"column":20}},"28":{"start":{"line":29,"column":0},"end":{"line":29,"column":4}},"29":{"start":{"line":30,"column":0},"end":{"line":30,"column":24}},"30":{"start":{"line":31,"column":0},"end":{"line":31,"column":0}},"31":{"start":{"line":32,"column":0},"end":{"line":32,"column":11}},"32":{"start":{"line":33,"column":0},"end":{"line":33,"column":20}},"33":{"start":{"line":34,"column":0},"end":{"line":34,"column":4}},"34":{"start":{"line":35,"column":0},"end":{"line":35,"column":24}},"35":{"start":{"line":36,"column":0},"end":{"line":36,"column":0}},"36":{"start":{"line":37,"column":0},"end":{"line":37,"column":11}},"37":{"start":{"line":38,"column":0},"end":{"line":38,"column":20}},"38":{"start":{"line":39,"column":0},"end":{"line":39,"column":4}},"39":{"start":{"line":40,"column":0},"end":{"line":40,"column":22}},"40":{"start":{"line":41,"column":0},"end":{"line":41,"column":0}},"41":{"start":{"line":42,"column":0},"end":{"line":42,"column":11}},"42":{"start":{"line":43,"column":0},"end":{"line":43,"column":20}},"43":{"start":{"line":44,"column":0},"end":{"line":44,"column":4}},"44":{"start":{"line":45,"column":0},"end":{"line":45,"column":21}},"45":{"start":{"line":46,"column":0},"end":{"line":46,"column":1}}},"s":{"0":1,"1":1,"2":1,"3":1,"4":1,"5":1,"6":1,"7":1,"8":1,"9":1,"10":1,"11":1,"12":1,"13":1,"14":1,"15":1,"16":1,"17":1,"18":1,"19":1,"20":1,"21":1,"22":1,"23":1,"24":1,"25":1,"26":1,"27":1,"28":1,"29":1,"30":1,"31":1,"32":1,"33":1,"34":1,"35":1,"36":1,"37":1,"38":1,"39":1,"40":1,"41":1,"42":1,"43":1,"44":1,"45":1},"branchMap":{"0":{"type":"branch","line":7,"loc":{"start":{"line":7,"column":13},"end":{"line":7,"column":35}},"locations":[{"start":{"line":7,"column":13},"end":{"line":7,"column":35}}]}},"b":{"0":[19]},"fnMap":{"0":{"name":"get","decl":{"start":{"line":7,"column":13},"end":{"line":7,"column":35}},"loc":{"start":{"line":7,"column":13},"end":{"line":7,"column":35}},"line":7}},"f":{"0":19}}
,"/home/floyd-montreal/projects/fullcycle-ddd-tatic-modeling-study/src/infra/orm/sequelize/models/order-item.model.ts": {"path":"/home/floyd-montreal/projects/fullcycle-ddd-tatic-modeling-study/src/infra/orm/sequelize/models/order-item.model.ts","all":false,"statementMap":{"0":{"start":{"line":1,"column":0},"end":{"line":1,"column":8}},"1":{"start":{"line":2,"column":0},"end":{"line":2,"column":12}},"2":{"start":{"line":3,"column":0},"end":{"line":3,"column":9}},"3":{"start":{"line":4,"column":0},"end":{"line":4,"column":13}},"4":{"start":{"line":5,"column":0},"end":{"line":5,"column":8}},"5":{"start":{"line":6,"column":0},"end":{"line":6,"column":13}},"6":{"start":{"line":7,"column":0},"end":{"line":7,"column":7}},"7":{"start":{"line":8,"column":0},"end":{"line":8,"column":29}},"8":{"start":{"line":9,"column":0},"end":{"line":9,"column":0}},"9":{"start":{"line":10,"column":0},"end":{"line":10,"column":51}},"10":{"start":{"line":11,"column":0},"end":{"line":11,"column":55}},"11":{"start":{"line":12,"column":0},"end":{"line":12,"column":0}},"12":{"start":{"line":13,"column":0},"end":{"line":13,"column":8}},"13":{"start":{"line":14,"column":0},"end":{"line":14,"column":27}},"14":{"start":{"line":15,"column":0},"end":{"line":15,"column":19}},"15":{"start":{"line":16,"column":0},"end":{"line":16,"column":2}},"16":{"start":{"line":17,"column":0},"end":{"line":17,"column":52}},"17":{"start":{"line":18,"column":0},"end":{"line":18,"column":13}},"18":{"start":{"line":19,"column":0},"end":{"line":19,"column":9}},"19":{"start":{"line":20,"column":0},"end":{"line":20,"column":20}},"20":{"start":{"line":21,"column":0},"end":{"line":21,"column":0}},"21":{"start":{"line":22,"column":0},"end":{"line":22,"column":42}},"22":{"start":{"line":23,"column":0},"end":{"line":23,"column":9}},"23":{"start":{"line":24,"column":0},"end":{"line":24,"column":28}},"24":{"start":{"line":25,"column":0},"end":{"line":25,"column":0}},"25":{"start":{"line":26,"column":0},"end":{"line":26,"column":41}},"26":{"start":{"line":27,"column":0},"end":{"line":27,"column":40}},"27":{"start":{"line":28,"column":0},"end":{"line":28,"column":0}},"28":{"start":{"line":29,"column":0},"end":{"line":29,"column":40}},"29":{"start":{"line":30,"column":0},"end":{"line":30,"column":9}},"30":{"start":{"line":31,"column":0},"end":{"line":31,"column":26}},"31":{"start":{"line":32,"column":0},"end":{"line":32,"column":0}},"32":{"start":{"line":33,"column":0},"end":{"line":33,"column":39}},"33":{"start":{"line":34,"column":0},"end":{"line":34,"column":36}},"34":{"start":{"line":35,"column":0},"end":{"line":35,"column":0}},"35":{"start":{"line":36,"column":0},"end":{"line":36,"column":11}},"36":{"start":{"line":37,"column":0},"end":{"line":37,"column":20}},"37":{"start":{"line":38,"column":0},"end":{"line":38,"column":4}},"38":{"start":{"line":39,"column":0},"end":{"line":39,"column":26}},"39":{"start":{"line":40,"column":0},"end":{"line":40,"column":0}},"40":{"start":{"line":41,"column":0},"end":{"line":41,"column":11}},"41":{"start":{"line":42,"column":0},"end":{"line":42,"column":20}},"42":{"start":{"line":43,"column":0},"end":{"line":43,"column":4}},"43":{"start":{"line":44,"column":0},"end":{"line":44,"column":22}},"44":{"start":{"line":45,"column":0},"end":{"line":45,"column":0}},"45":{"start":{"line":46,"column":0},"end":{"line":46,"column":11}},"46":{"start":{"line":47,"column":0},"end":{"line":47,"column":20}},"47":{"start":{"line":48,"column":0},"end":{"line":48,"column":4}},"48":{"start":{"line":49,"column":0},"end":{"line":49,"column":23}},"49":{"start":{"line":50,"column":0},"end":{"line":50,"column":1}}},"s":{"0":1,"1":1,"2":1,"3":1,"4":1,"5":1,"6":1,"7":1,"8":1,"9":1,"10":1,"11":1,"12":1,"13":1,"14":1,"15":1,"16":1,"17":1,"18":1,"19":1,"20":1,"21":1,"22":1,"23":1,"24":1,"25":1,"26":1,"27":1,"28":1,"29":1,"30":1,"31":1,"32":1,"33":1,"34":1,"35":1,"36":1,"37":1,"38":1,"39":1,"40":1,"41":1,"42":1,"43":1,"44":1,"45":1,"46":1,"47":1,"48":1,"49":1},"branchMap":{},"b":{},"fnMap":{"0":{"name":"get","decl":{"start":{"line":17,"column":13},"end":{"line":17,"column":36}},"loc":{"start":{"line":17,"column":13},"end":{"line":17,"column":36}},"line":17}},"f":{"0":0}}
,"/home/floyd-montreal/projects/fullcycle-ddd-tatic-modeling-study/src/infra/orm/sequelize/models/order.model.ts": {"path":"/home/floyd-montreal/projects/fullcycle-ddd-tatic-modeling-study/src/infra/orm/sequelize/models/order.model.ts","all":false,"statementMap":{"0":{"start":{"line":1,"column":0},"end":{"line":1,"column":8}},"1":{"start":{"line":2,"column":0},"end":{"line":2,"column":12}},"2":{"start":{"line":3,"column":0},"end":{"line":3,"column":9}},"3":{"start":{"line":4,"column":0},"end":{"line":4,"column":13}},"4":{"start":{"line":5,"column":0},"end":{"line":5,"column":10}},"5":{"start":{"line":6,"column":0},"end":{"line":6,"column":8}},"6":{"start":{"line":7,"column":0},"end":{"line":7,"column":13}},"7":{"start":{"line":8,"column":0},"end":{"line":8,"column":7}},"8":{"start":{"line":9,"column":0},"end":{"line":9,"column":29}},"9":{"start":{"line":10,"column":0},"end":{"line":10,"column":57}},"10":{"start":{"line":11,"column":0},"end":{"line":11,"column":60}},"11":{"start":{"line":12,"column":0},"end":{"line":12,"column":0}},"12":{"start":{"line":13,"column":0},"end":{"line":13,"column":8}},"13":{"start":{"line":14,"column":0},"end":{"line":14,"column":22}},"14":{"start":{"line":15,"column":0},"end":{"line":15,"column":19}},"15":{"start":{"line":16,"column":0},"end":{"line":16,"column":2}},"16":{"start":{"line":17,"column":0},"end":{"line":17,"column":48}},"17":{"start":{"line":18,"column":0},"end":{"line":18,"column":13}},"18":{"start":{"line":19,"column":0},"end":{"line":19,"column":9}},"19":{"start":{"line":20,"column":0},"end":{"line":20,"column":20}},"20":{"start":{"line":21,"column":0},"end":{"line":21,"column":0}},"21":{"start":{"line":22,"column":0},"end":{"line":22,"column":43}},"22":{"start":{"line":23,"column":0},"end":{"line":23,"column":9}},"23":{"start":{"line":24,"column":0},"end":{"line":24,"column":29}},"24":{"start":{"line":25,"column":0},"end":{"line":25,"column":0}},"25":{"start":{"line":26,"column":0},"end":{"line":26,"column":42}},"26":{"start":{"line":27,"column":0},"end":{"line":27,"column":42}},"27":{"start":{"line":28,"column":0},"end":{"line":28,"column":0}},"28":{"start":{"line":29,"column":0},"end":{"line":29,"column":44}},"29":{"start":{"line":30,"column":0},"end":{"line":30,"column":44}},"30":{"start":{"line":31,"column":0},"end":{"line":31,"column":0}},"31":{"start":{"line":32,"column":0},"end":{"line":32,"column":11}},"32":{"start":{"line":33,"column":0},"end":{"line":33,"column":20}},"33":{"start":{"line":34,"column":0},"end":{"line":34,"column":4}},"34":{"start":{"line":35,"column":0},"end":{"line":35,"column":23}},"35":{"start":{"line":36,"column":0},"end":{"line":36,"column":1}}},"s":{"0":1,"1":1,"2":1,"3":1,"4":1,"5":1,"6":1,"7":1,"8":1,"9":1,"10":1,"11":1,"12":1,"13":1,"14":1,"15":1,"16":1,"17":1,"18":1,"19":1,"20":1,"21":1,"22":1,"23":1,"24":1,"25":1,"26":1,"27":1,"28":1,"29":1,"30":1,"31":1,"32":1,"33":1,"34":1,"35":1},"branchMap":{"0":{"type":"branch","line":17,"loc":{"start":{"line":17,"column":13},"end":{"line":17,"column":32}},"locations":[{"start":{"line":17,"column":13},"end":{"line":17,"column":32}}]}},"b":{"0":[2]},"fnMap":{"0":{"name":"get","decl":{"start":{"line":17,"column":13},"end":{"line":17,"column":32}},"loc":{"start":{"line":17,"column":13},"end":{"line":17,"column":32}},"line":17}},"f":{"0":2}}
,"/home/floyd-montreal/projects/fullcycle-ddd-tatic-modeling-study/src/infra/orm/sequelize/models/product.model.ts": {"path":"/home/floyd-montreal/projects/fullcycle-ddd-tatic-modeling-study/src/infra/orm/sequelize/models/product.model.ts","all":false,"statementMap":{"0":{"start":{"line":1,"column":0},"end":{"line":1,"column":71}},"1":{"start":{"line":2,"column":0},"end":{"line":2,"column":0}},"2":{"start":{"line":3,"column":0},"end":{"line":3,"column":8}},"3":{"start":{"line":4,"column":0},"end":{"line":4,"column":24}},"4":{"start":{"line":5,"column":0},"end":{"line":5,"column":19}},"5":{"start":{"line":6,"column":0},"end":{"line":6,"column":2}},"6":{"start":{"line":7,"column":0},"end":{"line":7,"column":50}},"7":{"start":{"line":8,"column":0},"end":{"line":8,"column":13}},"8":{"start":{"line":9,"column":0},"end":{"line":9,"column":9}},"9":{"start":{"line":10,"column":0},"end":{"line":10,"column":20}},"10":{"start":{"line":11,"column":0},"end":{"line":11,"column":0}},"11":{"start":{"line":12,"column":0},"end":{"line":12,"column":11}},"12":{"start":{"line":13,"column":0},"end":{"line":13,"column":20}},"13":{"start":{"line":14,"column":0},"end":{"line":14,"column":4}},"14":{"start":{"line":15,"column":0},"end":{"line":15,"column":22}},"15":{"start":{"line":16,"column":0},"end":{"line":16,"column":0}},"16":{"start":{"line":17,"column":0},"end":{"line":17,"column":11}},"17":{"start":{"line":18,"column":0},"end":{"line":18,"column":20}},"18":{"start":{"line":19,"column":0},"end":{"line":19,"column":4}},"19":{"start":{"line":20,"column":0},"end":{"line":20,"column":23}},"20":{"start":{"line":21,"column":0},"end":{"line":21,"column":1}}},"s":{"0":1,"1":1,"2":1,"3":1,"4":1,"5":1,"6":1,"7":1,"8":1,"9":1,"10":1,"11":1,"12":1,"13":1,"14":1,"15":1,"16":1,"17":1,"18":1,"19":1,"20":1},"branchMap":{"0":{"type":"branch","line":7,"loc":{"start":{"line":7,"column":13},"end":{"line":7,"column":34}},"locations":[{"start":{"line":7,"column":13},"end":{"line":7,"column":34}}]}},"b":{"0":[18]},"fnMap":{"0":{"name":"get","decl":{"start":{"line":7,"column":13},"end":{"line":7,"column":34}},"loc":{"start":{"line":7,"column":13},"end":{"line":7,"column":34}},"line":7}},"f":{"0":18}}
,"/home/floyd-montreal/projects/fullcycle-ddd-tatic-modeling-study/src/infra/repositories/customer/customer.repository.ts": {"path":"/home/floyd-montreal/projects/fullcycle-ddd-tatic-modeling-study/src/infra/repositories/customer/customer.repository.ts","all":false,"statementMap":{"0":{"start":{"line":1,"column":0},"end":{"line":1,"column":83}},"1":{"start":{"line":2,"column":0},"end":{"line":2,"column":92}},"2":{"start":{"line":3,"column":0},"end":{"line":3,"column":94}},"3":{"start":{"line":4,"column":0},"end":{"line":4,"column":82}},"4":{"start":{"line":5,"column":0},"end":{"line":5,"column":0}},"5":{"start":{"line":6,"column":0},"end":{"line":6,"column":64}},"6":{"start":{"line":7,"column":0},"end":{"line":7,"column":34}},"7":{"start":{"line":8,"column":0},"end":{"line":8,"column":41}},"8":{"start":{"line":9,"column":0},"end":{"line":9,"column":20}},"9":{"start":{"line":10,"column":0},"end":{"line":10,"column":24}},"10":{"start":{"line":11,"column":0},"end":{"line":11,"column":32}},"11":{"start":{"line":12,"column":0},"end":{"line":12,"column":40}},"12":{"start":{"line":13,"column":0},"end":{"line":13,"column":36}},"13":{"start":{"line":14,"column":0},"end":{"line":14,"column":36}},"14":{"start":{"line":15,"column":0},"end":{"line":15,"column":32}},"15":{"start":{"line":16,"column":0},"end":{"line":16,"column":29}},"16":{"start":{"line":17,"column":0},"end":{"line":17,"column":6}},"17":{"start":{"line":18,"column":0},"end":{"line":18,"column":3}},"18":{"start":{"line":19,"column":0},"end":{"line":19,"column":0}},"19":{"start":{"line":20,"column":0},"end":{"line":20,"column":34}},"20":{"start":{"line":21,"column":0},"end":{"line":21,"column":40}},"21":{"start":{"line":22,"column":0},"end":{"line":22,"column":7}},"22":{"start":{"line":23,"column":0},"end":{"line":23,"column":22}},"23":{"start":{"line":24,"column":0},"end":{"line":24,"column":26}},"24":{"start":{"line":25,"column":0},"end":{"line":25,"column":34}},"25":{"start":{"line":26,"column":0},"end":{"line":26,"column":42}},"26":{"start":{"line":27,"column":0},"end":{"line":27,"column":38}},"27":{"start":{"line":28,"column":0},"end":{"line":28,"column":38}},"28":{"start":{"line":29,"column":0},"end":{"line":29,"column":34}},"29":{"start":{"line":30,"column":0},"end":{"line":30,"column":31}},"30":{"start":{"line":31,"column":0},"end":{"line":31,"column":8}},"31":{"start":{"line":32,"column":0},"end":{"line":32,"column":7}},"32":{"start":{"line":33,"column":0},"end":{"line":33,"column":16}},"33":{"start":{"line":34,"column":0},"end":{"line":34,"column":23}},"34":{"start":{"line":35,"column":0},"end":{"line":35,"column":9}},"35":{"start":{"line":36,"column":0},"end":{"line":36,"column":7}},"36":{"start":{"line":37,"column":0},"end":{"line":37,"column":5}},"37":{"start":{"line":38,"column":0},"end":{"line":38,"column":3}},"38":{"start":{"line":39,"column":0},"end":{"line":39,"column":0}},"39":{"start":{"line":40,"column":0},"end":{"line":40,"column":26}},"40":{"start":{"line":41,"column":0},"end":{"line":41,"column":52}},"41":{"start":{"line":42,"column":0},"end":{"line":42,"column":0}},"42":{"start":{"line":43,"column":0},"end":{"line":43,"column":9}},"43":{"start":{"line":44,"column":0},"end":{"line":44,"column":60}},"44":{"start":{"line":45,"column":0},"end":{"line":45,"column":16}},"45":{"start":{"line":46,"column":0},"end":{"line":46,"column":12}},"46":{"start":{"line":47,"column":0},"end":{"line":47,"column":10}},"47":{"start":{"line":48,"column":0},"end":{"line":48,"column":27}},"48":{"start":{"line":49,"column":0},"end":{"line":49,"column":8}},"49":{"start":{"line":50,"column":0},"end":{"line":50,"column":13}},"50":{"start":{"line":51,"column":0},"end":{"line":51,"column":44}},"51":{"start":{"line":52,"column":0},"end":{"line":52,"column":5}},"52":{"start":{"line":53,"column":0},"end":{"line":53,"column":0}},"53":{"start":{"line":54,"column":0},"end":{"line":54,"column":57}},"54":{"start":{"line":55,"column":0},"end":{"line":55,"column":0}},"55":{"start":{"line":56,"column":0},"end":{"line":56,"column":32}},"56":{"start":{"line":57,"column":0},"end":{"line":57,"column":27}},"57":{"start":{"line":58,"column":0},"end":{"line":58,"column":27}},"58":{"start":{"line":59,"column":0},"end":{"line":59,"column":25}},"59":{"start":{"line":60,"column":0},"end":{"line":60,"column":23}},"60":{"start":{"line":61,"column":0},"end":{"line":61,"column":5}},"61":{"start":{"line":62,"column":0},"end":{"line":62,"column":0}},"62":{"start":{"line":63,"column":0},"end":{"line":63,"column":35}},"63":{"start":{"line":64,"column":0},"end":{"line":64,"column":0}},"64":{"start":{"line":65,"column":0},"end":{"line":65,"column":19}},"65":{"start":{"line":66,"column":0},"end":{"line":66,"column":3}},"66":{"start":{"line":67,"column":0},"end":{"line":67,"column":0}},"67":{"start":{"line":68,"column":0},"end":{"line":68,"column":19}},"68":{"start":{"line":69,"column":0},"end":{"line":69,"column":65}},"69":{"start":{"line":70,"column":0},"end":{"line":70,"column":0}},"70":{"start":{"line":71,"column":0},"end":{"line":71,"column":54}},"71":{"start":{"line":72,"column":0},"end":{"line":72,"column":69}},"72":{"start":{"line":73,"column":0},"end":{"line":73,"column":61}},"73":{"start":{"line":74,"column":0},"end":{"line":74,"column":0}},"74":{"start":{"line":75,"column":0},"end":{"line":75,"column":42}},"75":{"start":{"line":76,"column":0},"end":{"line":76,"column":24}},"76":{"start":{"line":77,"column":0},"end":{"line":77,"column":24}},"77":{"start":{"line":78,"column":0},"end":{"line":78,"column":22}},"78":{"start":{"line":79,"column":0},"end":{"line":79,"column":20}},"79":{"start":{"line":80,"column":0},"end":{"line":80,"column":7}},"80":{"start":{"line":81,"column":0},"end":{"line":81,"column":0}},"81":{"start":{"line":82,"column":0},"end":{"line":82,"column":53}},"82":{"start":{"line":83,"column":0},"end":{"line":83,"column":0}},"83":{"start":{"line":84,"column":0},"end":{"line":84,"column":28}},"84":{"start":{"line":85,"column":0},"end":{"line":85,"column":35}},"85":{"start":{"line":86,"column":0},"end":{"line":86,"column":7}},"86":{"start":{"line":87,"column":0},"end":{"line":87,"column":0}},"87":{"start":{"line":88,"column":0},"end":{"line":88,"column":29}},"88":{"start":{"line":89,"column":0},"end":{"line":89,"column":6}},"89":{"start":{"line":90,"column":0},"end":{"line":90,"column":0}},"90":{"start":{"line":91,"column":0},"end":{"line":91,"column":20}},"91":{"start":{"line":92,"column":0},"end":{"line":92,"column":3}},"92":{"start":{"line":93,"column":0},"end":{"line":93,"column":1}}},"s":{"0":1,"1":1,"2":1,"3":1,"4":1,"5":1,"6":1,"7":5,"8":5,"9":5,"10":5,"11":5,"12":5,"13":5,"14":5,"15":5,"16":5,"17":5,"18":1,"19":1,"20":1,"21":1,"22":1,"23":1,"24":1,"25":1,"26":1,"27":1,"28":1,"29":1,"30":1,"31":1,"32":1,"33":1,"34":1,"35":1,"36":1,"37":1,"38":1,"39":1,"40":2,"41":2,"42":2,"43":2,"44":2,"45":2,"46":2,"47":2,"48":2,"49":1,"50":1,"51":1,"52":1,"53":1,"54":1,"55":1,"56":1,"57":1,"58":1,"59":1,"60":1,"61":1,"62":1,"63":1,"64":1,"65":1,"66":1,"67":1,"68":1,"69":1,"70":1,"71":2,"72":2,"73":2,"74":2,"75":2,"76":2,"77":2,"78":2,"79":2,"80":2,"81":2,"82":2,"83":2,"84":0,"85":0,"86":2,"87":2,"88":1,"89":1,"90":1,"91":1,"92":1},"branchMap":{"0":{"type":"branch","line":6,"loc":{"start":{"line":6,"column":13},"end":{"line":6,"column":31}},"locations":[{"start":{"line":6,"column":13},"end":{"line":6,"column":31}}]},"1":{"type":"branch","line":7,"loc":{"start":{"line":7,"column":8},"end":{"line":18,"column":3}},"locations":[{"start":{"line":7,"column":8},"end":{"line":18,"column":3}}]},"2":{"type":"branch","line":20,"loc":{"start":{"line":20,"column":8},"end":{"line":38,"column":3}},"locations":[{"start":{"line":20,"column":8},"end":{"line":38,"column":3}}]},"3":{"type":"branch","line":40,"loc":{"start":{"line":40,"column":8},"end":{"line":66,"column":3}},"locations":[{"start":{"line":40,"column":8},"end":{"line":66,"column":3}}]},"4":{"type":"branch","line":50,"loc":{"start":{"line":50,"column":-1},"end":{"line":66,"column":3}},"locations":[{"start":{"line":50,"column":-1},"end":{"line":66,"column":3}}]},"5":{"type":"branch","line":68,"loc":{"start":{"line":68,"column":8},"end":{"line":92,"column":3}},"locations":[{"start":{"line":68,"column":8},"end":{"line":92,"column":3}}]},"6":{"type":"branch","line":71,"loc":{"start":{"line":71,"column":41},"end":{"line":89,"column":5}},"locations":[{"start":{"line":71,"column":41},"end":{"line":89,"column":5}}]},"7":{"type":"branch","line":84,"loc":{"start":{"line":84,"column":27},"end":{"line":86,"column":7}},"locations":[{"start":{"line":84,"column":27},"end":{"line":86,"column":7}}]}},"b":{"0":[5],"1":[5],"2":[1],"3":[2],"4":[1],"5":[1],"6":[2],"7":[0]},"fnMap":{"0":{"name":"get","decl":{"start":{"line":6,"column":13},"end":{"line":6,"column":31}},"loc":{"start":{"line":6,"column":13},"end":{"line":6,"column":31}},"line":6},"1":{"name":"create","decl":{"start":{"line":7,"column":8},"end":{"line":18,"column":3}},"loc":{"start":{"line":7,"column":8},"end":{"line":18,"column":3}},"line":7},"2":{"name":"update","decl":{"start":{"line":20,"column":8},"end":{"line":38,"column":3}},"loc":{"start":{"line":20,"column":8},"end":{"line":38,"column":3}},"line":20},"3":{"name":"find","decl":{"start":{"line":40,"column":8},"end":{"line":66,"column":3}},"loc":{"start":{"line":40,"column":8},"end":{"line":66,"column":3}},"line":40},"4":{"name":"findAll","decl":{"start":{"line":68,"column":8},"end":{"line":92,"column":3}},"loc":{"start":{"line":68,"column":8},"end":{"line":92,"column":3}},"line":68}},"f":{"0":5,"1":5,"2":1,"3":2,"4":1}}
,"/home/floyd-montreal/projects/fullcycle-ddd-tatic-modeling-study/src/infra/repositories/order/order.repository.ts": {"path":"/home/floyd-montreal/projects/fullcycle-ddd-tatic-modeling-study/src/infra/repositories/order/order.repository.ts","all":false,"statementMap":{"0":{"start":{"line":1,"column":0},"end":{"line":1,"column":74}},"1":{"start":{"line":2,"column":0},"end":{"line":2,"column":85}},"2":{"start":{"line":3,"column":0},"end":{"line":3,"column":0}},"3":{"start":{"line":4,"column":0},"end":{"line":4,"column":76}},"4":{"start":{"line":5,"column":0},"end":{"line":5,"column":0}},"5":{"start":{"line":6,"column":0},"end":{"line":6,"column":39}},"6":{"start":{"line":7,"column":0},"end":{"line":7,"column":0}},"7":{"start":{"line":8,"column":0},"end":{"line":8,"column":30}},"8":{"start":{"line":9,"column":0},"end":{"line":9,"column":31}},"9":{"start":{"line":10,"column":0},"end":{"line":10,"column":37}},"10":{"start":{"line":11,"column":0},"end":{"line":11,"column":7}},"11":{"start":{"line":12,"column":0},"end":{"line":12,"column":22}},"12":{"start":{"line":13,"column":0},"end":{"line":13,"column":38}},"13":{"start":{"line":14,"column":0},"end":{"line":14,"column":30}},"14":{"start":{"line":15,"column":0},"end":{"line":15,"column":42}},"15":{"start":{"line":16,"column":0},"end":{"line":16,"column":22}},"16":{"start":{"line":17,"column":0},"end":{"line":17,"column":37}},"17":{"start":{"line":18,"column":0},"end":{"line":18,"column":30}},"18":{"start":{"line":19,"column":0},"end":{"line":19,"column":26}},"19":{"start":{"line":20,"column":0},"end":{"line":20,"column":28}},"20":{"start":{"line":21,"column":0},"end":{"line":21,"column":33}},"21":{"start":{"line":22,"column":0},"end":{"line":22,"column":11}},"22":{"start":{"line":23,"column":0},"end":{"line":23,"column":7}},"23":{"start":{"line":24,"column":0},"end":{"line":24,"column":10}},"24":{"start":{"line":25,"column":0},"end":{"line":25,"column":56}},"25":{"start":{"line":26,"column":0},"end":{"line":26,"column":10}},"26":{"start":{"line":27,"column":0},"end":{"line":27,"column":5}},"27":{"start":{"line":28,"column":0},"end":{"line":28,"column":3}},"28":{"start":{"line":29,"column":0},"end":{"line":29,"column":0}},"29":{"start":{"line":30,"column":0},"end":{"line":30,"column":37}},"30":{"start":{"line":31,"column":0},"end":{"line":31,"column":43}},"31":{"start":{"line":32,"column":0},"end":{"line":32,"column":10}},"32":{"start":{"line":33,"column":0},"end":{"line":33,"column":25}},"33":{"start":{"line":34,"column":0},"end":{"line":34,"column":29}},"34":{"start":{"line":35,"column":0},"end":{"line":35,"column":37}},"35":{"start":{"line":36,"column":0},"end":{"line":36,"column":45}},"36":{"start":{"line":37,"column":0},"end":{"line":37,"column":41}},"37":{"start":{"line":38,"column":0},"end":{"line":38,"column":41}},"38":{"start":{"line":39,"column":0},"end":{"line":39,"column":37}},"39":{"start":{"line":40,"column":0},"end":{"line":40,"column":34}},"40":{"start":{"line":41,"column":0},"end":{"line":41,"column":11}},"41":{"start":{"line":42,"column":0},"end":{"line":42,"column":10}},"42":{"start":{"line":43,"column":0},"end":{"line":43,"column":19}},"43":{"start":{"line":44,"column":0},"end":{"line":44,"column":26}},"44":{"start":{"line":45,"column":0},"end":{"line":45,"column":12}},"45":{"start":{"line":46,"column":0},"end":{"line":46,"column":10}},"46":{"start":{"line":47,"column":0},"end":{"line":47,"column":8}},"47":{"start":{"line":48,"column":0},"end":{"line":48,"column":6}},"48":{"start":{"line":49,"column":0},"end":{"line":49,"column":0}},"49":{"start":{"line":50,"column":0},"end":{"line":50,"column":29}},"50":{"start":{"line":51,"column":0},"end":{"line":51,"column":55}},"51":{"start":{"line":52,"column":0},"end":{"line":52,"column":0}},"52":{"start":{"line":53,"column":0},"end":{"line":53,"column":12}},"53":{"start":{"line":54,"column":0},"end":{"line":54,"column":63}},"54":{"start":{"line":55,"column":0},"end":{"line":55,"column":19}},"55":{"start":{"line":56,"column":0},"end":{"line":56,"column":15}},"56":{"start":{"line":57,"column":0},"end":{"line":57,"column":13}},"57":{"start":{"line":58,"column":0},"end":{"line":58,"column":30}},"58":{"start":{"line":59,"column":0},"end":{"line":59,"column":11}},"59":{"start":{"line":60,"column":0},"end":{"line":60,"column":16}},"60":{"start":{"line":61,"column":0},"end":{"line":61,"column":47}},"61":{"start":{"line":62,"column":0},"end":{"line":62,"column":8}},"62":{"start":{"line":63,"column":0},"end":{"line":63,"column":0}},"63":{"start":{"line":64,"column":0},"end":{"line":64,"column":60}},"64":{"start":{"line":65,"column":0},"end":{"line":65,"column":0}},"65":{"start":{"line":66,"column":0},"end":{"line":66,"column":35}},"66":{"start":{"line":67,"column":0},"end":{"line":67,"column":30}},"67":{"start":{"line":68,"column":0},"end":{"line":68,"column":30}},"68":{"start":{"line":69,"column":0},"end":{"line":69,"column":28}},"69":{"start":{"line":70,"column":0},"end":{"line":70,"column":26}},"70":{"start":{"line":71,"column":0},"end":{"line":71,"column":8}},"71":{"start":{"line":72,"column":0},"end":{"line":72,"column":0}},"72":{"start":{"line":73,"column":0},"end":{"line":73,"column":38}},"73":{"start":{"line":74,"column":0},"end":{"line":74,"column":0}},"74":{"start":{"line":75,"column":0},"end":{"line":75,"column":22}},"75":{"start":{"line":76,"column":0},"end":{"line":76,"column":6}},"76":{"start":{"line":77,"column":0},"end":{"line":77,"column":0}},"77":{"start":{"line":78,"column":0},"end":{"line":78,"column":22}},"78":{"start":{"line":79,"column":0},"end":{"line":79,"column":68}},"79":{"start":{"line":80,"column":0},"end":{"line":80,"column":0}},"80":{"start":{"line":81,"column":0},"end":{"line":81,"column":57}},"81":{"start":{"line":82,"column":0},"end":{"line":82,"column":72}},"82":{"start":{"line":83,"column":0},"end":{"line":83,"column":64}},"83":{"start":{"line":84,"column":0},"end":{"line":84,"column":0}},"84":{"start":{"line":85,"column":0},"end":{"line":85,"column":45}},"85":{"start":{"line":86,"column":0},"end":{"line":86,"column":27}},"86":{"start":{"line":87,"column":0},"end":{"line":87,"column":27}},"87":{"start":{"line":88,"column":0},"end":{"line":88,"column":25}},"88":{"start":{"line":89,"column":0},"end":{"line":89,"column":23}},"89":{"start":{"line":90,"column":0},"end":{"line":90,"column":10}},"90":{"start":{"line":91,"column":0},"end":{"line":91,"column":0}},"91":{"start":{"line":92,"column":0},"end":{"line":92,"column":56}},"92":{"start":{"line":93,"column":0},"end":{"line":93,"column":0}},"93":{"start":{"line":94,"column":0},"end":{"line":94,"column":31}},"94":{"start":{"line":95,"column":0},"end":{"line":95,"column":38}},"95":{"start":{"line":96,"column":0},"end":{"line":96,"column":10}},"96":{"start":{"line":97,"column":0},"end":{"line":97,"column":0}},"97":{"start":{"line":98,"column":0},"end":{"line":98,"column":32}},"98":{"start":{"line":99,"column":0},"end":{"line":99,"column":9}},"99":{"start":{"line":100,"column":0},"end":{"line":100,"column":0}},"100":{"start":{"line":101,"column":0},"end":{"line":101,"column":23}},"101":{"start":{"line":102,"column":0},"end":{"line":102,"column":6}},"102":{"start":{"line":103,"column":0},"end":{"line":103,"column":1}}},"s":{"0":1,"1":1,"2":1,"3":1,"4":1,"5":1,"6":1,"7":1,"8":1,"9":0,"10":0,"11":0,"12":0,"13":0,"14":0,"15":0,"16":0,"17":0,"18":0,"19":0,"20":0,"21":0,"22":0,"23":0,"24":0,"25":0,"26":0,"27":0,"28":1,"29":1,"30":1,"31":1,"32":1,"33":1,"34":1,"35":1,"36":1,"37":1,"38":1,"39":1,"40":1,"41":1,"42":1,"43":1,"44":1,"45":1,"46":1,"47":1,"48":1,"49":1,"50":1,"51":1,"52":1,"53":1,"54":1,"55":1,"56":1,"57":1,"58":1,"59":1,"60":1,"61":1,"62":1,"63":1,"64":1,"65":1,"66":1,"67":1,"68":1,"69":1,"70":1,"71":1,"72":1,"73":1,"74":1,"75":1,"76":1,"77":1,"78":1,"79":1,"80":1,"81":1,"82":1,"83":1,"84":1,"85":1,"86":1,"87":1,"88":1,"89":1,"90":1,"91":1,"92":1,"93":1,"94":1,"95":1,"96":1,"97":1,"98":1,"99":1,"100":1,"101":1,"102":1},"branchMap":{},"b":{},"fnMap":{"0":{"name":"get","decl":{"start":{"line":8,"column":13},"end":{"line":8,"column":28}},"loc":{"start":{"line":8,"column":13},"end":{"line":8,"column":28}},"line":8},"1":{"name":"create","decl":{"start":{"line":9,"column":8},"end":{"line":28,"column":3}},"loc":{"start":{"line":9,"column":8},"end":{"line":28,"column":3}},"line":9}},"f":{"0":0,"1":0}}
,"/home/floyd-montreal/projects/fullcycle-ddd-tatic-modeling-study/src/infra/repositories/product/product.repository.ts": {"path":"/home/floyd-montreal/projects/fullcycle-ddd-tatic-modeling-study/src/infra/repositories/product/product.repository.ts","all":false,"statementMap":{"0":{"start":{"line":1,"column":0},"end":{"line":1,"column":80}},"1":{"start":{"line":2,"column":0},"end":{"line":2,"column":92}},"2":{"start":{"line":3,"column":0},"end":{"line":3,"column":80}},"3":{"start":{"line":4,"column":0},"end":{"line":4,"column":0}},"4":{"start":{"line":5,"column":0},"end":{"line":5,"column":62}},"5":{"start":{"line":6,"column":0},"end":{"line":6,"column":33}},"6":{"start":{"line":7,"column":0},"end":{"line":7,"column":40}},"7":{"start":{"line":8,"column":0},"end":{"line":8,"column":20}},"8":{"start":{"line":9,"column":0},"end":{"line":9,"column":24}},"9":{"start":{"line":10,"column":0},"end":{"line":10,"column":25}},"10":{"start":{"line":11,"column":0},"end":{"line":11,"column":6}},"11":{"start":{"line":12,"column":0},"end":{"line":12,"column":3}},"12":{"start":{"line":13,"column":0},"end":{"line":13,"column":0}},"13":{"start":{"line":14,"column":0},"end":{"line":14,"column":33}},"14":{"start":{"line":15,"column":0},"end":{"line":15,"column":39}},"15":{"start":{"line":16,"column":0},"end":{"line":16,"column":7}},"16":{"start":{"line":17,"column":0},"end":{"line":17,"column":26}},"17":{"start":{"line":18,"column":0},"end":{"line":18,"column":27}},"18":{"start":{"line":19,"column":0},"end":{"line":19,"column":8}},"19":{"start":{"line":20,"column":0},"end":{"line":20,"column":7}},"20":{"start":{"line":21,"column":0},"end":{"line":21,"column":16}},"21":{"start":{"line":22,"column":0},"end":{"line":22,"column":23}},"22":{"start":{"line":23,"column":0},"end":{"line":23,"column":9}},"23":{"start":{"line":24,"column":0},"end":{"line":24,"column":7}},"24":{"start":{"line":25,"column":0},"end":{"line":25,"column":5}},"25":{"start":{"line":26,"column":0},"end":{"line":26,"column":3}},"26":{"start":{"line":27,"column":0},"end":{"line":27,"column":0}},"27":{"start":{"line":28,"column":0},"end":{"line":28,"column":26}},"28":{"start":{"line":29,"column":0},"end":{"line":29,"column":57}},"29":{"start":{"line":30,"column":0},"end":{"line":30,"column":14}},"30":{"start":{"line":31,"column":0},"end":{"line":31,"column":10}},"31":{"start":{"line":32,"column":0},"end":{"line":32,"column":7}},"32":{"start":{"line":33,"column":0},"end":{"line":33,"column":6}},"33":{"start":{"line":34,"column":0},"end":{"line":34,"column":0}},"34":{"start":{"line":35,"column":0},"end":{"line":35,"column":63}},"35":{"start":{"line":36,"column":0},"end":{"line":36,"column":3}},"36":{"start":{"line":37,"column":0},"end":{"line":37,"column":0}},"37":{"start":{"line":38,"column":0},"end":{"line":38,"column":19}},"38":{"start":{"line":39,"column":0},"end":{"line":39,"column":58}},"39":{"start":{"line":40,"column":0},"end":{"line":40,"column":0}},"40":{"start":{"line":41,"column":0},"end":{"line":41,"column":24}},"41":{"start":{"line":42,"column":0},"end":{"line":42,"column":69}},"42":{"start":{"line":43,"column":0},"end":{"line":43,"column":5}},"43":{"start":{"line":44,"column":0},"end":{"line":44,"column":3}},"44":{"start":{"line":45,"column":0},"end":{"line":45,"column":1}}},"s":{"0":1,"1":1,"2":1,"3":1,"4":1,"5":1,"6":5,"7":5,"8":5,"9":5,"10":5,"11":5,"12":1,"13":1,"14":1,"15":1,"16":1,"17":1,"18":1,"19":1,"20":1,"21":1,"22":1,"23":1,"24":1,"25":1,"26":1,"27":1,"28":1,"29":1,"30":1,"31":1,"32":1,"33":1,"34":1,"35":1,"36":1,"37":1,"38":1,"39":1,"40":1,"41":1,"42":1,"43":1,"44":1},"branchMap":{"0":{"type":"branch","line":5,"loc":{"start":{"line":5,"column":13},"end":{"line":5,"column":30}},"locations":[{"start":{"line":5,"column":13},"end":{"line":5,"column":30}}]},"1":{"type":"branch","line":6,"loc":{"start":{"line":6,"column":8},"end":{"line":12,"column":3}},"locations":[{"start":{"line":6,"column":8},"end":{"line":12,"column":3}}]},"2":{"type":"branch","line":14,"loc":{"start":{"line":14,"column":8},"end":{"line":26,"column":3}},"locations":[{"start":{"line":14,"column":8},"end":{"line":26,"column":3}}]},"3":{"type":"branch","line":28,"loc":{"start":{"line":28,"column":8},"end":{"line":36,"column":3}},"locations":[{"start":{"line":28,"column":8},"end":{"line":36,"column":3}}]},"4":{"type":"branch","line":38,"loc":{"start":{"line":38,"column":8},"end":{"line":44,"column":3}},"locations":[{"start":{"line":38,"column":8},"end":{"line":44,"column":3}}]},"5":{"type":"branch","line":42,"loc":{"start":{"line":42,"column":6},"end":{"line":42,"column":69}},"locations":[{"start":{"line":42,"column":6},"end":{"line":42,"column":69}}]}},"b":{"0":[4],"1":[5],"2":[1],"3":[1],"4":[1],"5":[2]},"fnMap":{"0":{"name":"get","decl":{"start":{"line":5,"column":13},"end":{"line":5,"column":30}},"loc":{"start":{"line":5,"column":13},"end":{"line":5,"column":30}},"line":5},"1":{"name":"create","decl":{"start":{"line":6,"column":8},"end":{"line":12,"column":3}},"loc":{"start":{"line":6,"column":8},"end":{"line":12,"column":3}},"line":6},"2":{"name":"update","decl":{"start":{"line":14,"column":8},"end":{"line":26,"column":3}},"loc":{"start":{"line":14,"column":8},"end":{"line":26,"column":3}},"line":14},"3":{"name":"find","decl":{"start":{"line":28,"column":8},"end":{"line":36,"column":3}},"loc":{"start":{"line":28,"column":8},"end":{"line":36,"column":3}},"line":28},"4":{"name":"findAll","decl":{"start":{"line":38,"column":8},"end":{"line":44,"column":3}},"loc":{"start":{"line":38,"column":8},"end":{"line":44,"column":3}},"line":38}},"f":{"0":4,"1":5,"2":1,"3":1,"4":1}}
}
