TN:
SF:src/domain/entities/costumer/entity/costumer.entity.ts
FN:3,get
FN:16,validate
FN:26,activate
FN:34,deactivate
FN:38,changeName
FN:43,changeAddress
FN:47,isActive
FN:51,addRewardPoints
FN:55,get name
FN:59,get id
FN:63,get active
FN:67,get rewardPoints
FN:71,get address
FN:75,set address
FN:10,Customer
FNF:15
FNH:15
FNDA:19,get
FNDA:21,validate
FNDA:2,activate
FNDA:1,deactivate
FNDA:2,changeName
FNDA:3,changeAddress
FNDA:8,isActive
FNDA:5,addRewardPoints
FNDA:9,get name
FNDA:13,get id
FNDA:3,get active
FNDA:13,get rewardPoints
FNDA:24,get address
FNDA:6,set address
FNDA:19,Customer
DA:1,1
DA:2,1
DA:3,1
DA:4,1
DA:5,1
DA:6,1
DA:7,1
DA:8,1
DA:9,1
DA:10,1
DA:11,19
DA:12,19
DA:13,19
DA:14,19
DA:15,1
DA:16,1
DA:17,21
DA:18,1
DA:19,1
DA:20,20
DA:21,21
DA:22,1
DA:23,1
DA:24,21
DA:25,1
DA:26,1
DA:27,2
DA:28,1
DA:29,1
DA:30,1
DA:31,1
DA:32,1
DA:33,1
DA:34,1
DA:35,1
DA:36,1
DA:37,1
DA:38,1
DA:39,2
DA:40,2
DA:41,2
DA:42,1
DA:43,1
DA:44,3
DA:45,3
DA:46,1
DA:47,1
DA:48,8
DA:49,8
DA:50,1
DA:51,1
DA:52,5
DA:53,5
DA:54,1
DA:55,1
DA:56,9
DA:57,9
DA:58,1
DA:59,1
DA:60,13
DA:61,13
DA:62,1
DA:63,1
DA:64,3
DA:65,3
DA:66,1
DA:67,1
DA:68,13
DA:69,13
DA:70,1
DA:71,1
DA:72,24
DA:73,24
DA:74,1
DA:75,1
DA:76,6
DA:77,6
DA:78,1
LF:78
LH:78
BRDA:3,0,0,19
BRDA:16,1,0,21
BRDA:17,2,0,1
BRDA:20,3,0,20
BRDA:21,4,0,1
BRDA:26,5,0,2
BRDA:27,6,0,1
BRDA:34,7,0,1
BRDA:38,8,0,2
BRDA:43,9,0,3
BRDA:47,10,0,8
BRDA:51,11,0,5
BRDA:55,12,0,9
BRDA:59,13,0,13
BRDA:63,14,0,3
BRDA:67,15,0,13
BRDA:71,16,0,24
BRDA:75,17,0,6
BRDA:10,18,0,19
BRF:19
BRH:19
end_of_record
TN:
SF:src/domain/entities/costumer/object-values/address/address.ov.ts
FN:1,get
FN:14,get street
FN:18,get number
FN:22,get city
FN:26,get zip
FN:30,getAddressPtBR
FN:7,Address
FNF:7
FNH:7
FNDA:10,get
FNDA:9,get street
FNDA:9,get number
FNDA:9,get city
FNDA:9,get zip
FNDA:1,getAddressPtBR
FNDA:10,Address
DA:1,1
DA:2,1
DA:3,1
DA:4,1
DA:5,1
DA:6,1
DA:7,1
DA:8,10
DA:9,10
DA:10,10
DA:11,10
DA:12,10
DA:13,1
DA:14,1
DA:15,9
DA:16,9
DA:17,1
DA:18,1
DA:19,9
DA:20,9
DA:21,1
DA:22,1
DA:23,9
DA:24,9
DA:25,1
DA:26,1
DA:27,9
DA:28,9
DA:29,1
DA:30,1
DA:31,1
DA:32,1
DA:33,1
LF:33
LH:33
BRDA:1,0,0,10
BRDA:14,1,0,9
BRDA:18,2,0,9
BRDA:22,3,0,9
BRDA:26,4,0,9
BRDA:30,5,0,1
BRDA:7,6,0,10
BRF:7
BRH:7
end_of_record
TN:
SF:src/domain/entities/order/order_item.aggregate.ts
FN:1,get
FN:22,get id
FN:26,get name
FN:30,get price
FN:34,get productId
FN:38,get quantity
FN:8,OrderItem
FNF:7
FNH:4
FNDA:10,get
FNDA:0,get id
FNDA:0,get name
FNDA:18,get price
FNDA:0,get productId
FNDA:8,get quantity
FNDA:10,OrderItem
DA:1,1
DA:2,1
DA:3,1
DA:4,1
DA:5,1
DA:6,1
DA:7,1
DA:8,1
DA:9,10
DA:10,10
DA:11,10
DA:12,10
DA:13,10
DA:14,10
DA:15,10
DA:16,10
DA:17,10
DA:18,10
DA:19,10
DA:20,10
DA:21,1
DA:22,1
DA:23,0
DA:24,0
DA:25,1
DA:26,1
DA:27,0
DA:28,0
DA:29,1
DA:30,1
DA:31,18
DA:32,18
DA:33,1
DA:34,1
DA:35,0
DA:36,0
DA:37,1
DA:38,1
DA:39,8
DA:40,8
DA:41,1
LF:41
LH:35
BRDA:1,0,0,10
BRDA:30,1,0,18
BRDA:38,2,0,8
BRDA:8,3,0,10
BRF:4
BRH:4
end_of_record
TN:
SF:src/domain/entities/order/entity/order.entity.ts
FN:3,get
FN:17,get id
FN:21,get customerId
FN:25,get items
FN:29,validate
FN:47,total
FN:9,Order
FNF:7
FNH:4
FNDA:8,get
FNDA:0,get id
FNDA:0,get customerId
FNDA:0,get items
FNDA:8,validate
FNDA:13,total
FNDA:8,Order
DA:1,1
DA:2,1
DA:3,1
DA:4,1
DA:5,1
DA:6,1
DA:7,1
DA:8,1
DA:9,1
DA:10,8
DA:11,8
DA:12,8
DA:13,8
DA:14,8
DA:15,8
DA:16,1
DA:17,1
DA:18,0
DA:19,0
DA:20,1
DA:21,1
DA:22,0
DA:23,0
DA:24,1
DA:25,1
DA:26,0
DA:27,0
DA:28,1
DA:29,1
DA:30,8
DA:31,1
DA:32,1
DA:33,7
DA:34,8
DA:35,1
DA:36,1
DA:37,6
DA:38,8
DA:39,1
DA:40,1
DA:41,5
DA:42,8
DA:43,1
DA:44,1
DA:45,8
DA:46,1
DA:47,1
DA:48,13
DA:49,13
DA:50,1
LF:50
LH:44
BRDA:3,0,0,8
BRDA:29,1,0,8
BRDA:30,2,0,1
BRDA:33,3,0,7
BRDA:34,4,0,1
BRDA:37,5,0,6
BRDA:38,6,0,1
BRDA:41,7,0,5
BRDA:42,8,0,1
BRDA:42,9,0,8
BRDA:47,10,0,13
BRDA:48,11,0,18
BRDA:9,12,0,8
BRF:13
BRH:13
end_of_record
TN:
SF:src/domain/entities/product/entity/product.entity.ts
FN:1,get
FN:13,validate
FN:27,changeName
FN:32,changePrice
FN:37,get id
FN:41,get name
FN:45,get price
FN:6,Product
FNF:8
FNH:8
FNDA:18,get
FNDA:24,validate
FNDA:2,changeName
FNDA:4,changePrice
FNDA:10,get id
FNDA:11,get name
FNDA:14,get price
FNDA:18,Product
DA:1,1
DA:2,1
DA:3,1
DA:4,1
DA:5,1
DA:6,1
DA:7,18
DA:8,18
DA:9,18
DA:10,18
DA:11,18
DA:12,1
DA:13,1
DA:14,24
DA:15,1
DA:16,1
DA:17,23
DA:18,24
DA:19,1
DA:20,1
DA:21,22
DA:22,24
DA:23,1
DA:24,1
DA:25,24
DA:26,1
DA:27,1
DA:28,2
DA:29,2
DA:30,2
DA:31,1
DA:32,1
DA:33,4
DA:34,4
DA:35,4
DA:36,1
DA:37,1
DA:38,10
DA:39,10
DA:40,1
DA:41,1
DA:42,11
DA:43,11
DA:44,1
DA:45,1
DA:46,14
DA:47,14
DA:48,1
LF:48
LH:48
BRDA:1,0,0,18
BRDA:13,1,0,24
BRDA:14,2,0,1
BRDA:17,3,0,23
BRDA:18,4,0,1
BRDA:21,5,0,22
BRDA:22,6,0,1
BRDA:27,7,0,2
BRDA:32,8,0,4
BRDA:37,9,0,10
BRDA:41,10,0,11
BRDA:45,11,0,14
BRDA:6,12,0,18
BRF:13
BRH:13
end_of_record
TN:
SF:src/domain/services/order.service.ts
FN:6,get
FN:7,total
FN:11,placeOrder
FNF:3
FNH:3
FNDA:3,get
FNDA:1,total
FNDA:2,placeOrder
DA:1,1
DA:2,1
DA:3,1
DA:4,1
DA:5,1
DA:6,1
DA:7,1
DA:8,1
DA:9,1
DA:10,1
DA:11,1
DA:12,2
DA:13,1
DA:14,1
DA:15,1
DA:16,1
DA:17,1
DA:18,1
DA:19,1
DA:20,1
DA:21,1
LF:21
LH:21
BRDA:6,0,0,3
BRDA:7,1,0,1
BRDA:8,2,0,2
BRDA:11,3,0,2
BRDA:12,4,0,1
BRF:5
BRH:5
end_of_record
TN:
SF:src/domain/services/product.service.ts
FN:3,get
FN:4,increasePrice
FNF:2
FNH:2
FNDA:1,get
FNDA:1,increasePrice
DA:1,1
DA:2,1
DA:3,1
DA:4,1
DA:5,1
DA:6,2
DA:7,1
DA:8,1
DA:9,1
DA:10,1
DA:11,1
LF:11
LH:11
BRDA:3,0,0,1
BRDA:4,1,0,1
BRDA:5,2,0,2
BRF:3
BRH:3
end_of_record
TN:
SF:src/infra/orm/sequelize/models/costumer.model.ts
FN:7,get
FNF:1
FNH:1
FNDA:17,get
DA:1,1
DA:2,1
DA:3,1
DA:4,1
DA:5,1
DA:6,1
DA:7,1
DA:8,1
DA:9,1
DA:10,1
DA:11,1
DA:12,1
DA:13,1
DA:14,1
DA:15,1
DA:16,1
DA:17,1
DA:18,1
DA:19,1
DA:20,1
DA:21,1
DA:22,1
DA:23,1
DA:24,1
DA:25,1
DA:26,1
DA:27,1
DA:28,1
DA:29,1
DA:30,1
DA:31,1
DA:32,1
DA:33,1
DA:34,1
DA:35,1
DA:36,1
DA:37,1
DA:38,1
DA:39,1
DA:40,1
DA:41,1
DA:42,1
DA:43,1
DA:44,1
DA:45,1
DA:46,1
LF:46
LH:46
BRDA:7,0,0,17
BRF:1
BRH:1
end_of_record
TN:
SF:src/infra/orm/sequelize/models/product.model.ts
FN:7,get
FNF:1
FNH:1
FNDA:16,get
DA:1,1
DA:2,1
DA:3,1
DA:4,1
DA:5,1
DA:6,1
DA:7,1
DA:8,1
DA:9,1
DA:10,1
DA:11,1
DA:12,1
DA:13,1
DA:14,1
DA:15,1
DA:16,1
DA:17,1
DA:18,1
DA:19,1
DA:20,1
DA:21,1
LF:21
LH:21
BRDA:7,0,0,16
BRF:1
BRH:1
end_of_record
TN:
SF:src/infra/repositories/customer/customer.repository.ts
FN:6,get
FN:7,create
FN:20,update
FN:40,find
FN:68,findAll
FNF:5
FNH:5
FNDA:5,get
FNDA:5,create
FNDA:1,update
FNDA:2,find
FNDA:1,findAll
DA:1,1
DA:2,1
DA:3,1
DA:4,1
DA:5,1
DA:6,1
DA:7,1
DA:8,5
DA:9,5
DA:10,5
DA:11,5
DA:12,5
DA:13,5
DA:14,5
DA:15,5
DA:16,5
DA:17,5
DA:18,5
DA:19,1
DA:20,1
DA:21,1
DA:22,1
DA:23,1
DA:24,1
DA:25,1
DA:26,1
DA:27,1
DA:28,1
DA:29,1
DA:30,1
DA:31,1
DA:32,1
DA:33,1
DA:34,1
DA:35,1
DA:36,1
DA:37,1
DA:38,1
DA:39,1
DA:40,1
DA:41,2
DA:42,2
DA:43,2
DA:44,2
DA:45,2
DA:46,2
DA:47,2
DA:48,2
DA:49,2
DA:50,1
DA:51,1
DA:52,1
DA:53,1
DA:54,1
DA:55,1
DA:56,1
DA:57,1
DA:58,1
DA:59,1
DA:60,1
DA:61,1
DA:62,1
DA:63,1
DA:64,1
DA:65,1
DA:66,1
DA:67,1
DA:68,1
DA:69,1
DA:70,1
DA:71,1
DA:72,2
DA:73,2
DA:74,2
DA:75,2
DA:76,2
DA:77,2
DA:78,2
DA:79,2
DA:80,2
DA:81,2
DA:82,2
DA:83,2
DA:84,2
DA:85,0
DA:86,0
DA:87,2
DA:88,2
DA:89,1
DA:90,1
DA:91,1
DA:92,1
DA:93,1
LF:93
LH:91
BRDA:6,0,0,5
BRDA:7,1,0,5
BRDA:20,2,0,1
BRDA:40,3,0,2
BRDA:50,4,0,1
BRDA:68,5,0,1
BRDA:71,6,0,2
BRDA:84,7,0,0
BRF:8
BRH:7
end_of_record
TN:
SF:src/infra/repositories/product/product.repository.ts
FN:5,get
FN:6,create
FN:14,update
FN:28,find
FN:38,findAll
FNF:5
FNH:5
FNDA:4,get
FNDA:5,create
FNDA:1,update
FNDA:1,find
FNDA:1,findAll
DA:1,1
DA:2,1
DA:3,1
DA:4,1
DA:5,1
DA:6,1
DA:7,5
DA:8,5
DA:9,5
DA:10,5
DA:11,5
DA:12,5
DA:13,1
DA:14,1
DA:15,1
DA:16,1
DA:17,1
DA:18,1
DA:19,1
DA:20,1
DA:21,1
DA:22,1
DA:23,1
DA:24,1
DA:25,1
DA:26,1
DA:27,1
DA:28,1
DA:29,1
DA:30,1
DA:31,1
DA:32,1
DA:33,1
DA:34,1
DA:35,1
DA:36,1
DA:37,1
DA:38,1
DA:39,1
DA:40,1
DA:41,1
DA:42,1
DA:43,1
DA:44,1
DA:45,1
LF:45
LH:45
BRDA:5,0,0,4
BRDA:6,1,0,5
BRDA:14,2,0,1
BRDA:28,3,0,1
BRDA:38,4,0,1
BRDA:42,5,0,2
BRF:6
BRH:6
end_of_record
