TN:
SF:src/core/address/address.ov.ts
FN:1,get
FN:7,Address
FNF:2
FNH:2
FNDA:1,get
FNDA:1,Address
DA:1,1
DA:2,1
DA:3,1
DA:4,1
DA:5,1
DA:6,1
DA:7,1
DA:8,1
DA:9,1
DA:10,1
DA:11,1
DA:12,1
DA:13,1
LF:13
LH:13
BRDA:1,0,0,1
BRDA:7,1,0,1
BRF:2
BRH:2
end_of_record
TN:
SF:src/core/costumer/entity/costumer.entity.ts
FN:3,get
FN:15,validate
FN:25,activate
FN:33,deactivate
FN:37,changeName
FN:42,isActive
FN:46,get name
FN:50,set address
FN:9,Customer
FNF:9
FNH:9
FNDA:6,get
FNDA:7,validate
FNDA:2,activate
FNDA:1,deactivate
FNDA:1,changeName
FNDA:2,isActive
FNDA:1,get name
FNDA:1,set address
FNDA:6,Customer
DA:1,1
DA:2,1
DA:3,1
DA:4,1
DA:5,1
DA:6,1
DA:7,1
DA:8,1
DA:9,1
DA:10,6
DA:11,6
DA:12,6
DA:13,6
DA:14,1
DA:15,1
DA:16,7
DA:17,1
DA:18,1
DA:19,6
DA:20,7
DA:21,1
DA:22,1
DA:23,7
DA:24,1
DA:25,1
DA:26,2
DA:27,1
DA:28,1
DA:29,1
DA:30,1
DA:31,1
DA:32,1
DA:33,1
DA:34,1
DA:35,1
DA:36,1
DA:37,1
DA:38,1
DA:39,1
DA:40,1
DA:41,1
DA:42,1
DA:43,2
DA:44,2
DA:45,1
DA:46,1
DA:47,1
DA:48,1
DA:49,1
DA:50,1
DA:51,1
DA:52,1
DA:53,1
LF:53
LH:53
BRDA:3,0,0,6
BRDA:15,1,0,7
BRDA:16,2,0,1
BRDA:19,3,0,6
BRDA:20,4,0,1
BRDA:25,5,0,2
BRDA:26,6,0,1
BRDA:33,7,0,1
BRDA:37,8,0,1
BRDA:42,9,0,2
BRDA:46,10,0,1
BRDA:50,11,0,1
BRDA:9,12,0,6
BRF:13
BRH:13
end_of_record
TN:
SF:src/core/order/order_item.aggregate.ts
FN:1,get
FN:22,get price
FN:26,get quantity
FN:8,OrderItem
FNF:4
FNH:4
FNDA:6,get
FNDA:9,get price
FNDA:4,get quantity
FNDA:6,OrderItem
DA:1,1
DA:2,1
DA:3,1
DA:4,1
DA:5,1
DA:6,1
DA:7,1
DA:8,1
DA:9,6
DA:10,6
DA:11,6
DA:12,6
DA:13,6
DA:14,6
DA:15,6
DA:16,6
DA:17,6
DA:18,6
DA:19,6
DA:20,6
DA:21,1
DA:22,1
DA:23,9
DA:24,9
DA:25,1
DA:26,1
DA:27,4
DA:28,4
DA:29,1
LF:29
LH:29
BRDA:1,0,0,6
BRDA:22,1,0,9
BRDA:26,2,0,4
BRDA:8,3,0,6
BRF:4
BRH:4
end_of_record
TN:
SF:src/core/order/entity/order.entity.ts
FN:3,get
FN:17,validate
FN:35,total
FN:9,Order
FNF:4
FNH:4
FNDA:5,get
FNDA:5,validate
FNDA:6,total
FNDA:5,Order
DA:1,1
DA:2,1
DA:3,1
DA:4,1
DA:5,1
DA:6,1
DA:7,1
DA:8,1
DA:9,1
DA:10,5
DA:11,5
DA:12,5
DA:13,5
DA:14,5
DA:15,5
DA:16,1
DA:17,1
DA:18,5
DA:19,1
DA:20,1
DA:21,4
DA:22,5
DA:23,1
DA:24,1
DA:25,3
DA:26,5
DA:27,1
DA:28,1
DA:29,2
DA:30,5
DA:31,1
DA:32,1
DA:33,5
DA:34,1
DA:35,1
DA:36,6
DA:37,6
DA:38,1
LF:38
LH:38
BRDA:3,0,0,5
BRDA:17,1,0,5
BRDA:18,2,0,1
BRDA:21,3,0,4
BRDA:22,4,0,1
BRDA:25,5,0,3
BRDA:26,6,0,1
BRDA:29,7,0,2
BRDA:30,8,0,1
BRDA:30,9,0,4
BRDA:35,10,0,6
BRDA:36,11,0,9
BRDA:9,12,0,5
BRF:13
BRH:13
end_of_record
TN:
SF:src/core/product/entity/product.entity.ts
FN:1,get
FN:13,validate
FN:27,changeName
FN:32,changePrice
FN:37,get name
FN:41,get price
FN:6,Product
FNF:7
FNH:7
FNDA:5,get
FNDA:7,validate
FNDA:1,changeName
FNDA:1,changePrice
FNDA:1,get name
FNDA:1,get price
FNDA:5,Product
DA:1,1
DA:2,1
DA:3,1
DA:4,1
DA:5,1
DA:6,1
DA:7,5
DA:8,5
DA:9,5
DA:10,5
DA:11,5
DA:12,1
DA:13,1
DA:14,7
DA:15,1
DA:16,1
DA:17,6
DA:18,7
DA:19,1
DA:20,1
DA:21,5
DA:22,7
DA:23,1
DA:24,1
DA:25,7
DA:26,1
DA:27,1
DA:28,1
DA:29,1
DA:30,1
DA:31,1
DA:32,1
DA:33,1
DA:34,1
DA:35,1
DA:36,1
DA:37,1
DA:38,1
DA:39,1
DA:40,1
DA:41,1
DA:42,1
DA:43,1
DA:44,1
LF:44
LH:44
BRDA:1,0,0,5
BRDA:13,1,0,7
BRDA:14,2,0,1
BRDA:17,3,0,6
BRDA:18,4,0,1
BRDA:21,5,0,5
BRDA:22,6,0,1
BRDA:27,7,0,1
BRDA:32,8,0,1
BRDA:37,9,0,1
BRDA:41,10,0,1
BRDA:6,11,0,5
BRF:12
BRH:12
end_of_record
